
(SmartGit:11058): GLib-CRITICAL **: 17:09:49.584: g_base64_encode_step: assertion 'in != NULL' failed

(SmartGit:11058): GLib-CRITICAL **: 17:09:49.585: g_base64_encode_step: assertion 'in != NULL' failed

(SmartGit:11058): GLib-CRITICAL **: 17:09:49.585: g_base64_encode_step: assertion 'in != NULL' failed

(SmartGit:11058): GLib-CRITICAL **: 17:09:49.585: g_base64_encode_step: assertion 'in != NULL' failed

(SmartGit:11058): GLib-CRITICAL **: 17:09:49.633: g_base64_encode_step: assertion 'in != NULL' failed

(SmartGit:11058): GLib-CRITICAL **: 17:09:49.633: g_base64_encode_step: assertion 'in != NULL' failed

(SmartGit:11058): GLib-CRITICAL **: 17:09:49.635: g_base64_encode_step: assertion 'in != NULL' failed

(SmartGit:11058): GLib-CRITICAL **: 17:09:49.635: g_base64_encode_step: assertion 'in != NULL' failed

(SmartGit:11058): GLib-CRITICAL **: 17:09:49.636: g_base64_encode_step: assertion 'in != NULL' failed

(SmartGit:11058): GLib-CRITICAL **: 17:09:49.636: g_base64_encode_step: assertion 'in != NULL' failed

(SmartGit:11058): GLib-CRITICAL **: 17:09:49.667: g_base64_encode_step: assertion 'in != NULL' failed

(SmartGit:11058): GLib-CRITICAL **: 17:09:49.667: g_base64_encode_step: assertion 'in != NULL' failed

(SmartGit:11058): GLib-CRITICAL **: 17:09:49.695: g_base64_encode_step: assertion 'in != NULL' failed

(SmartGit:11058): GLib-CRITICAL **: 17:09:49.696: g_base64_encode_step: assertion 'in != NULL' failed

(SmartGit:11058): GLib-CRITICAL **: 17:09:49.700: g_base64_encode_step: assertion 'in != NULL' failed

(SmartGit:11058): GLib-CRITICAL **: 17:09:49.700: g_base64_encode_step: assertion 'in != NULL' failed

(SmartGit:11058): GLib-CRITICAL **: 17:09:49.701: g_base64_encode_step: assertion 'in != NULL' failed

(SmartGit:11058): GLib-CRITICAL **: 17:09:49.701: g_base64_encode_step: assertion 'in != NULL' failed

(SmartGit:11058): GLib-CRITICAL **: 17:09:49.735: g_base64_encode_step: assertion 'in != NULL' failed

(SmartGit:11058): GLib-CRITICAL **: 17:09:49.736: g_base64_encode_step: assertion 'in != NULL' failed

(SmartGit:11058): GLib-CRITICAL **: 17:09:49.736: g_base64_encode_step: assertion 'in != NULL' failed

(SmartGit:11058): GLib-CRITICAL **: 17:09:49.736: g_base64_encode_step: assertion 'in != NULL' failed

(SmartGit:11058): GLib-CRITICAL **: 17:09:49.737: g_base64_encode_step: assertion 'in != NULL' failed

(SmartGit:11058): GLib-CRITICAL **: 17:09:49.737: g_base64_encode_step: assertion 'in != NULL' failed

(SmartGit:11058): GLib-CRITICAL **: 17:09:49.759: g_base64_encode_step: assertion 'in != NULL' failed

(SmartGit:11058): GLib-CRITICAL **: 17:09:49.759: g_base64_encode_step: assertion 'in != NULL' failed

(SmartGit:11177): GLib-CRITICAL **: 17:10:49.598: g_base64_encode_step: assertion 'in != NULL' failed

(SmartGit:11177): GLib-CRITICAL **: 17:10:49.598: g_base64_encode_step: assertion 'in != NULL' failed

(SmartGit:11177): GLib-CRITICAL **: 17:10:49.599: g_base64_encode_step: assertion 'in != NULL' failed

(SmartGit:11177): GLib-CRITICAL **: 17:10:49.599: g_base64_encode_step: assertion 'in != NULL' failed

(SmartGit:11177): GLib-CRITICAL **: 17:10:49.673: g_base64_encode_step: assertion 'in != NULL' failed

(SmartGit:11177): GLib-CRITICAL **: 17:10:49.673: g_base64_encode_step: assertion 'in != NULL' failed

(SmartGit:11177): GLib-CRITICAL **: 17:10:49.677: g_base64_encode_step: assertion 'in != NULL' failed

(SmartGit:11177): GLib-CRITICAL **: 17:10:49.677: g_base64_encode_step: assertion 'in != NULL' failed

(SmartGit:11177): GLib-CRITICAL **: 17:10:49.678: g_base64_encode_step: assertion 'in != NULL' failed

(SmartGit:11177): GLib-CRITICAL **: 17:10:49.678: g_base64_encode_step: assertion 'in != NULL' failed

(SmartGit:11177): GLib-CRITICAL **: 17:10:49.723: g_base64_encode_step: assertion 'in != NULL' failed

(SmartGit:11177): GLib-CRITICAL **: 17:10:49.723: g_base64_encode_step: assertion 'in != NULL' failed

(SmartGit:11177): GLib-CRITICAL **: 17:10:49.760: g_base64_encode_step: assertion 'in != NULL' failed

(SmartGit:11177): GLib-CRITICAL **: 17:10:49.761: g_base64_encode_step: assertion 'in != NULL' failed

(SmartGit:11177): GLib-CRITICAL **: 17:10:49.767: g_base64_encode_step: assertion 'in != NULL' failed

(SmartGit:11177): GLib-CRITICAL **: 17:10:49.767: g_base64_encode_step: assertion 'in != NULL' failed

(SmartGit:11177): GLib-CRITICAL **: 17:10:49.768: g_base64_encode_step: assertion 'in != NULL' failed

(SmartGit:11177): GLib-CRITICAL **: 17:10:49.768: g_base64_encode_step: assertion 'in != NULL' failed

(SmartGit:11177): GLib-CRITICAL **: 17:10:49.822: g_base64_encode_step: assertion 'in != NULL' failed

(SmartGit:11177): GLib-CRITICAL **: 17:10:49.822: g_base64_encode_step: assertion 'in != NULL' failed

(SmartGit:11177): GLib-CRITICAL **: 17:10:49.823: g_base64_encode_step: assertion 'in != NULL' failed

(SmartGit:11177): GLib-CRITICAL **: 17:10:49.823: g_base64_encode_step: assertion 'in != NULL' failed

(SmartGit:11177): GLib-CRITICAL **: 17:10:49.825: g_base64_encode_step: assertion 'in != NULL' failed

(SmartGit:11177): GLib-CRITICAL **: 17:10:49.825: g_base64_encode_step: assertion 'in != NULL' failed

(SmartGit:11177): GLib-CRITICAL **: 17:10:49.859: g_base64_encode_step: assertion 'in != NULL' failed

(SmartGit:11177): GLib-CRITICAL **: 17:10:49.859: g_base64_encode_step: assertion 'in != NULL' failed
org.eclipse.m2e.logback.configuration: The org.eclipse.m2e.logback.configuration bundle was activated before the state location was initialized.  Will retry after the state location is initialized.

(Eclipse:11227): GLib-CRITICAL **: 17:10:52.656: g_base64_encode_step: assertion 'in != NULL' failed

(Eclipse:11227): GLib-CRITICAL **: 17:10:52.656: g_base64_encode_step: assertion 'in != NULL' failed

(Eclipse:11227): GLib-CRITICAL **: 17:10:52.656: g_base64_encode_step: assertion 'in != NULL' failed

(Eclipse:11227): GLib-CRITICAL **: 17:10:52.656: g_base64_encode_step: assertion 'in != NULL' failed

(Eclipse:11227): GLib-CRITICAL **: 17:10:52.705: g_base64_encode_step: assertion 'in != NULL' failed

(Eclipse:11227): GLib-CRITICAL **: 17:10:52.705: g_base64_encode_step: assertion 'in != NULL' failed

(Eclipse:11227): GLib-CRITICAL **: 17:10:52.707: g_base64_encode_step: assertion 'in != NULL' failed

(Eclipse:11227): GLib-CRITICAL **: 17:10:52.707: g_base64_encode_step: assertion 'in != NULL' failed

(Eclipse:11227): GLib-CRITICAL **: 17:10:52.707: g_base64_encode_step: assertion 'in != NULL' failed

(Eclipse:11227): GLib-CRITICAL **: 17:10:52.708: g_base64_encode_step: assertion 'in != NULL' failed

(Eclipse:11227): GLib-CRITICAL **: 17:10:52.740: g_base64_encode_step: assertion 'in != NULL' failed

(Eclipse:11227): GLib-CRITICAL **: 17:10:52.740: g_base64_encode_step: assertion 'in != NULL' failed

(Eclipse:11227): GLib-CRITICAL **: 17:10:52.769: g_base64_encode_step: assertion 'in != NULL' failed

(Eclipse:11227): GLib-CRITICAL **: 17:10:52.769: g_base64_encode_step: assertion 'in != NULL' failed

(Eclipse:11227): GLib-CRITICAL **: 17:10:52.773: g_base64_encode_step: assertion 'in != NULL' failed

(Eclipse:11227): GLib-CRITICAL **: 17:10:52.773: g_base64_encode_step: assertion 'in != NULL' failed

(Eclipse:11227): GLib-CRITICAL **: 17:10:52.774: g_base64_encode_step: assertion 'in != NULL' failed

(Eclipse:11227): GLib-CRITICAL **: 17:10:52.774: g_base64_encode_step: assertion 'in != NULL' failed

(Eclipse:11227): GLib-CRITICAL **: 17:10:52.810: g_base64_encode_step: assertion 'in != NULL' failed

(Eclipse:11227): GLib-CRITICAL **: 17:10:52.810: g_base64_encode_step: assertion 'in != NULL' failed

(Eclipse:11227): GLib-CRITICAL **: 17:10:52.811: g_base64_encode_step: assertion 'in != NULL' failed

(Eclipse:11227): GLib-CRITICAL **: 17:10:52.811: g_base64_encode_step: assertion 'in != NULL' failed

(Eclipse:11227): GLib-CRITICAL **: 17:10:52.813: g_base64_encode_step: assertion 'in != NULL' failed

(Eclipse:11227): GLib-CRITICAL **: 17:10:52.813: g_base64_encode_step: assertion 'in != NULL' failed

(Eclipse:11227): GLib-CRITICAL **: 17:10:52.836: g_base64_encode_step: assertion 'in != NULL' failed

(Eclipse:11227): GLib-CRITICAL **: 17:10:52.836: g_base64_encode_step: assertion 'in != NULL' failed

(SmartGit:11363): GLib-CRITICAL **: 17:11:45.865: g_base64_encode_step: assertion 'in != NULL' failed

(SmartGit:11363): GLib-CRITICAL **: 17:11:45.865: g_base64_encode_step: assertion 'in != NULL' failed

(SmartGit:11363): GLib-CRITICAL **: 17:11:45.866: g_base64_encode_step: assertion 'in != NULL' failed

(SmartGit:11363): GLib-CRITICAL **: 17:11:45.866: g_base64_encode_step: assertion 'in != NULL' failed

(SmartGit:11363): GLib-CRITICAL **: 17:11:45.940: g_base64_encode_step: assertion 'in != NULL' failed

(SmartGit:11363): GLib-CRITICAL **: 17:11:45.940: g_base64_encode_step: assertion 'in != NULL' failed

(SmartGit:11363): GLib-CRITICAL **: 17:11:45.943: g_base64_encode_step: assertion 'in != NULL' failed

(SmartGit:11363): GLib-CRITICAL **: 17:11:45.944: g_base64_encode_step: assertion 'in != NULL' failed

(SmartGit:11363): GLib-CRITICAL **: 17:11:45.944: g_base64_encode_step: assertion 'in != NULL' failed

(SmartGit:11363): GLib-CRITICAL **: 17:11:45.945: g_base64_encode_step: assertion 'in != NULL' failed

(SmartGit:11363): GLib-CRITICAL **: 17:11:45.998: g_base64_encode_step: assertion 'in != NULL' failed

(SmartGit:11363): GLib-CRITICAL **: 17:11:45.998: g_base64_encode_step: assertion 'in != NULL' failed

(SmartGit:11363): GLib-CRITICAL **: 17:11:46.041: g_base64_encode_step: assertion 'in != NULL' failed

(SmartGit:11363): GLib-CRITICAL **: 17:11:46.042: g_base64_encode_step: assertion 'in != NULL' failed

(SmartGit:11363): GLib-CRITICAL **: 17:11:46.048: g_base64_encode_step: assertion 'in != NULL' failed

(SmartGit:11363): GLib-CRITICAL **: 17:11:46.048: g_base64_encode_step: assertion 'in != NULL' failed

(SmartGit:11363): GLib-CRITICAL **: 17:11:46.049: g_base64_encode_step: assertion 'in != NULL' failed

(SmartGit:11363): GLib-CRITICAL **: 17:11:46.049: g_base64_encode_step: assertion 'in != NULL' failed

(SmartGit:11363): GLib-CRITICAL **: 17:11:46.104: g_base64_encode_step: assertion 'in != NULL' failed

(SmartGit:11363): GLib-CRITICAL **: 17:11:46.104: g_base64_encode_step: assertion 'in != NULL' failed

(SmartGit:11363): GLib-CRITICAL **: 17:11:46.105: g_base64_encode_step: assertion 'in != NULL' failed

(SmartGit:11363): GLib-CRITICAL **: 17:11:46.106: g_base64_encode_step: assertion 'in != NULL' failed

(SmartGit:11363): GLib-CRITICAL **: 17:11:46.113: g_base64_encode_step: assertion 'in != NULL' failed

(SmartGit:11363): GLib-CRITICAL **: 17:11:46.113: g_base64_encode_step: assertion 'in != NULL' failed

(SmartGit:11363): GLib-CRITICAL **: 17:11:46.149: g_base64_encode_step: assertion 'in != NULL' failed

(SmartGit:11363): GLib-CRITICAL **: 17:11:46.149: g_base64_encode_step: assertion 'in != NULL' failed
org.eclipse.m2e.logback.configuration: The org.eclipse.m2e.logback.configuration bundle was activated before the state location was initialized.  Will retry after the state location is initialized.

(Eclipse:11404): GLib-CRITICAL **: 17:11:48.682: g_base64_encode_step: assertion 'in != NULL' failed

(Eclipse:11404): GLib-CRITICAL **: 17:11:48.682: g_base64_encode_step: assertion 'in != NULL' failed

(Eclipse:11404): GLib-CRITICAL **: 17:11:48.682: g_base64_encode_step: assertion 'in != NULL' failed

(Eclipse:11404): GLib-CRITICAL **: 17:11:48.683: g_base64_encode_step: assertion 'in != NULL' failed

(Eclipse:11404): GLib-CRITICAL **: 17:11:48.749: g_base64_encode_step: assertion 'in != NULL' failed

(Eclipse:11404): GLib-CRITICAL **: 17:11:48.749: g_base64_encode_step: assertion 'in != NULL' failed

(Eclipse:11404): GLib-CRITICAL **: 17:11:48.752: g_base64_encode_step: assertion 'in != NULL' failed

(Eclipse:11404): GLib-CRITICAL **: 17:11:48.752: g_base64_encode_step: assertion 'in != NULL' failed

(Eclipse:11404): GLib-CRITICAL **: 17:11:48.753: g_base64_encode_step: assertion 'in != NULL' failed

(Eclipse:11404): GLib-CRITICAL **: 17:11:48.753: g_base64_encode_step: assertion 'in != NULL' failed

(Eclipse:11404): GLib-CRITICAL **: 17:11:48.795: g_base64_encode_step: assertion 'in != NULL' failed

(Eclipse:11404): GLib-CRITICAL **: 17:11:48.795: g_base64_encode_step: assertion 'in != NULL' failed

(Eclipse:11404): GLib-CRITICAL **: 17:11:48.823: g_base64_encode_step: assertion 'in != NULL' failed

(Eclipse:11404): GLib-CRITICAL **: 17:11:48.823: g_base64_encode_step: assertion 'in != NULL' failed

(Eclipse:11404): GLib-CRITICAL **: 17:11:48.827: g_base64_encode_step: assertion 'in != NULL' failed

(Eclipse:11404): GLib-CRITICAL **: 17:11:48.827: g_base64_encode_step: assertion 'in != NULL' failed

(Eclipse:11404): GLib-CRITICAL **: 17:11:48.828: g_base64_encode_step: assertion 'in != NULL' failed

(Eclipse:11404): GLib-CRITICAL **: 17:11:48.828: g_base64_encode_step: assertion 'in != NULL' failed

(Eclipse:11404): GLib-CRITICAL **: 17:11:48.866: g_base64_encode_step: assertion 'in != NULL' failed

(Eclipse:11404): GLib-CRITICAL **: 17:11:48.866: g_base64_encode_step: assertion 'in != NULL' failed

(Eclipse:11404): GLib-CRITICAL **: 17:11:48.866: g_base64_encode_step: assertion 'in != NULL' failed

(Eclipse:11404): GLib-CRITICAL **: 17:11:48.867: g_base64_encode_step: assertion 'in != NULL' failed

(Eclipse:11404): GLib-CRITICAL **: 17:11:48.868: g_base64_encode_step: assertion 'in != NULL' failed

(Eclipse:11404): GLib-CRITICAL **: 17:11:48.868: g_base64_encode_step: assertion 'in != NULL' failed

(Eclipse:11404): GLib-CRITICAL **: 17:11:48.890: g_base64_encode_step: assertion 'in != NULL' failed

(Eclipse:11404): GLib-CRITICAL **: 17:11:48.890: g_base64_encode_step: assertion 'in != NULL' failed

(SmartGit:11540): GLib-CRITICAL **: 17:12:08.716: g_base64_encode_step: assertion 'in != NULL' failed

(SmartGit:11540): GLib-CRITICAL **: 17:12:08.716: g_base64_encode_step: assertion 'in != NULL' failed

(SmartGit:11540): GLib-CRITICAL **: 17:12:08.716: g_base64_encode_step: assertion 'in != NULL' failed

(SmartGit:11540): GLib-CRITICAL **: 17:12:08.717: g_base64_encode_step: assertion 'in != NULL' failed

(SmartGit:11540): GLib-CRITICAL **: 17:12:08.766: g_base64_encode_step: assertion 'in != NULL' failed

(SmartGit:11540): GLib-CRITICAL **: 17:12:08.766: g_base64_encode_step: assertion 'in != NULL' failed

(SmartGit:11540): GLib-CRITICAL **: 17:12:08.768: g_base64_encode_step: assertion 'in != NULL' failed

(SmartGit:11540): GLib-CRITICAL **: 17:12:08.768: g_base64_encode_step: assertion 'in != NULL' failed

(SmartGit:11540): GLib-CRITICAL **: 17:12:08.768: g_base64_encode_step: assertion 'in != NULL' failed

(SmartGit:11540): GLib-CRITICAL **: 17:12:08.768: g_base64_encode_step: assertion 'in != NULL' failed

(SmartGit:11540): GLib-CRITICAL **: 17:12:08.799: g_base64_encode_step: assertion 'in != NULL' failed

(SmartGit:11540): GLib-CRITICAL **: 17:12:08.799: g_base64_encode_step: assertion 'in != NULL' failed

(SmartGit:11540): GLib-CRITICAL **: 17:12:08.827: g_base64_encode_step: assertion 'in != NULL' failed

(SmartGit:11540): GLib-CRITICAL **: 17:12:08.827: g_base64_encode_step: assertion 'in != NULL' failed

(SmartGit:11540): GLib-CRITICAL **: 17:12:08.830: g_base64_encode_step: assertion 'in != NULL' failed

(SmartGit:11540): GLib-CRITICAL **: 17:12:08.830: g_base64_encode_step: assertion 'in != NULL' failed

(SmartGit:11540): GLib-CRITICAL **: 17:12:08.831: g_base64_encode_step: assertion 'in != NULL' failed

(SmartGit:11540): GLib-CRITICAL **: 17:12:08.831: g_base64_encode_step: assertion 'in != NULL' failed

(SmartGit:11540): GLib-CRITICAL **: 17:12:08.865: g_base64_encode_step: assertion 'in != NULL' failed

(SmartGit:11540): GLib-CRITICAL **: 17:12:08.865: g_base64_encode_step: assertion 'in != NULL' failed

(SmartGit:11540): GLib-CRITICAL **: 17:12:08.866: g_base64_encode_step: assertion 'in != NULL' failed

(SmartGit:11540): GLib-CRITICAL **: 17:12:08.866: g_base64_encode_step: assertion 'in != NULL' failed

(SmartGit:11540): GLib-CRITICAL **: 17:12:08.867: g_base64_encode_step: assertion 'in != NULL' failed

(SmartGit:11540): GLib-CRITICAL **: 17:12:08.867: g_base64_encode_step: assertion 'in != NULL' failed

(SmartGit:11540): GLib-CRITICAL **: 17:12:08.887: g_base64_encode_step: assertion 'in != NULL' failed

(SmartGit:11540): GLib-CRITICAL **: 17:12:08.888: g_base64_encode_step: assertion 'in != NULL' failed

(SmartGit:29484): GLib-CRITICAL **: 16:27:14.349: g_base64_encode_step: assertion 'in != NULL' failed

(SmartGit:29484): GLib-CRITICAL **: 16:27:14.359: g_base64_encode_step: assertion 'in != NULL' failed

(SmartGit:29484): GLib-CRITICAL **: 16:27:14.360: g_base64_encode_step: assertion 'in != NULL' failed

(SmartGit:29484): GLib-CRITICAL **: 16:27:14.360: g_base64_encode_step: assertion 'in != NULL' failed

(SmartGit:29484): GLib-CRITICAL **: 16:27:14.592: g_base64_encode_step: assertion 'in != NULL' failed

(SmartGit:29484): GLib-CRITICAL **: 16:27:14.593: g_base64_encode_step: assertion 'in != NULL' failed

(SmartGit:29484): GLib-CRITICAL **: 16:27:14.597: g_base64_encode_step: assertion 'in != NULL' failed

(SmartGit:29484): GLib-CRITICAL **: 16:27:14.597: g_base64_encode_step: assertion 'in != NULL' failed

(SmartGit:29484): GLib-CRITICAL **: 16:27:14.598: g_base64_encode_step: assertion 'in != NULL' failed

(SmartGit:29484): GLib-CRITICAL **: 16:27:14.598: g_base64_encode_step: assertion 'in != NULL' failed

(SmartGit:29484): GLib-CRITICAL **: 16:27:14.686: g_base64_encode_step: assertion 'in != NULL' failed

(SmartGit:29484): GLib-CRITICAL **: 16:27:14.687: g_base64_encode_step: assertion 'in != NULL' failed

(SmartGit:29484): GLib-CRITICAL **: 16:27:14.815: g_base64_encode_step: assertion 'in != NULL' failed

(SmartGit:29484): GLib-CRITICAL **: 16:27:14.815: g_base64_encode_step: assertion 'in != NULL' failed

(SmartGit:29484): GLib-CRITICAL **: 16:27:14.830: g_base64_encode_step: assertion 'in != NULL' failed

(SmartGit:29484): GLib-CRITICAL **: 16:27:14.830: g_base64_encode_step: assertion 'in != NULL' failed

(SmartGit:29484): GLib-CRITICAL **: 16:27:14.831: g_base64_encode_step: assertion 'in != NULL' failed

(SmartGit:29484): GLib-CRITICAL **: 16:27:14.831: g_base64_encode_step: assertion 'in != NULL' failed

(SmartGit:29484): GLib-CRITICAL **: 16:27:14.953: g_base64_encode_step: assertion 'in != NULL' failed

(SmartGit:29484): GLib-CRITICAL **: 16:27:14.954: g_base64_encode_step: assertion 'in != NULL' failed

(SmartGit:29484): GLib-CRITICAL **: 16:27:14.954: g_base64_encode_step: assertion 'in != NULL' failed

(SmartGit:29484): GLib-CRITICAL **: 16:27:14.954: g_base64_encode_step: assertion 'in != NULL' failed

(SmartGit:29484): GLib-CRITICAL **: 16:27:14.956: g_base64_encode_step: assertion 'in != NULL' failed

(SmartGit:29484): GLib-CRITICAL **: 16:27:14.956: g_base64_encode_step: assertion 'in != NULL' failed

(SmartGit:29484): GLib-CRITICAL **: 16:27:14.982: g_base64_encode_step: assertion 'in != NULL' failed

(SmartGit:29484): GLib-CRITICAL **: 16:27:14.982: g_base64_encode_step: assertion 'in != NULL' failed
org.eclipse.m2e.logback.configuration: The org.eclipse.m2e.logback.configuration bundle was activated before the state location was initialized.  Will retry after the state location is initialized.

(Eclipse:29522): GLib-CRITICAL **: 16:27:18.343: g_base64_encode_step: assertion 'in != NULL' failed

(Eclipse:29522): GLib-CRITICAL **: 16:27:18.344: g_base64_encode_step: assertion 'in != NULL' failed

(Eclipse:29522): GLib-CRITICAL **: 16:27:18.344: g_base64_encode_step: assertion 'in != NULL' failed

(Eclipse:29522): GLib-CRITICAL **: 16:27:18.344: g_base64_encode_step: assertion 'in != NULL' failed

(Eclipse:29522): GLib-CRITICAL **: 16:27:18.392: g_base64_encode_step: assertion 'in != NULL' failed

(Eclipse:29522): GLib-CRITICAL **: 16:27:18.392: g_base64_encode_step: assertion 'in != NULL' failed

(Eclipse:29522): GLib-CRITICAL **: 16:27:18.394: g_base64_encode_step: assertion 'in != NULL' failed

(Eclipse:29522): GLib-CRITICAL **: 16:27:18.394: g_base64_encode_step: assertion 'in != NULL' failed

(Eclipse:29522): GLib-CRITICAL **: 16:27:18.395: g_base64_encode_step: assertion 'in != NULL' failed

(Eclipse:29522): GLib-CRITICAL **: 16:27:18.395: g_base64_encode_step: assertion 'in != NULL' failed

(Eclipse:29522): GLib-CRITICAL **: 16:27:18.427: g_base64_encode_step: assertion 'in != NULL' failed

(Eclipse:29522): GLib-CRITICAL **: 16:27:18.427: g_base64_encode_step: assertion 'in != NULL' failed

(Eclipse:29522): GLib-CRITICAL **: 16:27:18.485: g_base64_encode_step: assertion 'in != NULL' failed

(Eclipse:29522): GLib-CRITICAL **: 16:27:18.485: g_base64_encode_step: assertion 'in != NULL' failed

(Eclipse:29522): GLib-CRITICAL **: 16:27:18.491: g_base64_encode_step: assertion 'in != NULL' failed

(Eclipse:29522): GLib-CRITICAL **: 16:27:18.491: g_base64_encode_step: assertion 'in != NULL' failed

(Eclipse:29522): GLib-CRITICAL **: 16:27:18.492: g_base64_encode_step: assertion 'in != NULL' failed

(Eclipse:29522): GLib-CRITICAL **: 16:27:18.492: g_base64_encode_step: assertion 'in != NULL' failed

(Eclipse:29522): GLib-CRITICAL **: 16:27:18.540: g_base64_encode_step: assertion 'in != NULL' failed

(Eclipse:29522): GLib-CRITICAL **: 16:27:18.540: g_base64_encode_step: assertion 'in != NULL' failed

(Eclipse:29522): GLib-CRITICAL **: 16:27:18.541: g_base64_encode_step: assertion 'in != NULL' failed

(Eclipse:29522): GLib-CRITICAL **: 16:27:18.541: g_base64_encode_step: assertion 'in != NULL' failed

(Eclipse:29522): GLib-CRITICAL **: 16:27:18.543: g_base64_encode_step: assertion 'in != NULL' failed

(Eclipse:29522): GLib-CRITICAL **: 16:27:18.543: g_base64_encode_step: assertion 'in != NULL' failed

(Eclipse:29522): GLib-CRITICAL **: 16:27:18.566: g_base64_encode_step: assertion 'in != NULL' failed

(Eclipse:29522): GLib-CRITICAL **: 16:27:18.566: g_base64_encode_step: assertion 'in != NULL' failed
org.eclipse.m2e.logback.configuration: Logback config file: /home/walker/e/workspace/.metadata/.plugins/org.eclipse.m2e.logback.configuration/logback.1.10.0.20181127-2120.xml
SLF4J: Class path contains multiple SLF4J bindings.
SLF4J: Found binding in [bundleresource://937.fwk22006205:1/org/slf4j/impl/StaticLoggerBinder.class]
SLF4J: Found binding in [bundleresource://937.fwk22006205:2/org/slf4j/impl/StaticLoggerBinder.class]
SLF4J: See http://www.slf4j.org/codes.html#multiple_bindings for an explanation.
SLF4J: Actual binding is of type [ch.qos.logback.classic.util.ContextSelectorStaticBinder]
org.eclipse.m2e.logback.configuration: Initializing logback

(Eclipse:29522): Gtk-WARNING **: 16:27:43.267: Negative content width -4 (allocation 2, extents 3x3) while allocating gadget (node progressbar, owner GtkProgressBar)

(Eclipse:29522): Gtk-WARNING **: 16:27:43.267: Negative content width -2 (allocation 0, extents 1x1) while allocating gadget (node trough, owner GtkProgressBar)

(Eclipse:29522): Gtk-WARNING **: 16:27:43.267: Negative content width -4 (allocation 2, extents 3x3) while allocating gadget (node progressbar, owner GtkProgressBar)

(Eclipse:29522): Gtk-WARNING **: 16:27:43.267: Negative content width -2 (allocation 0, extents 1x1) while allocating gadget (node trough, owner GtkProgressBar)

(Eclipse:29522): Gtk-WARNING **: 16:27:43.268: Negative content width -4 (allocation 2, extents 3x3) while allocating gadget (node progressbar, owner GtkProgressBar)

(Eclipse:29522): Gtk-WARNING **: 16:27:43.268: Negative content width -2 (allocation 0, extents 1x1) while allocating gadget (node trough, owner GtkProgressBar)

(Eclipse:29522): Gtk-WARNING **: 16:27:43.268: Negative content width -4 (allocation 2, extents 3x3) while allocating gadget (node progressbar, owner GtkProgressBar)

(Eclipse:29522): Gtk-WARNING **: 16:27:43.268: Negative content width -2 (allocation 0, extents 1x1) while allocating gadget (node trough, owner GtkProgressBar)

(SmartGit:31154): GLib-CRITICAL **: 17:57:41.097: g_base64_encode_step: assertion 'in != NULL' failed

(SmartGit:31154): GLib-CRITICAL **: 17:57:41.097: g_base64_encode_step: assertion 'in != NULL' failed

(SmartGit:31154): GLib-CRITICAL **: 17:57:41.098: g_base64_encode_step: assertion 'in != NULL' failed

(SmartGit:31154): GLib-CRITICAL **: 17:57:41.098: g_base64_encode_step: assertion 'in != NULL' failed

(SmartGit:31154): GLib-CRITICAL **: 17:57:41.171: g_base64_encode_step: assertion 'in != NULL' failed

(SmartGit:31154): GLib-CRITICAL **: 17:57:41.171: g_base64_encode_step: assertion 'in != NULL' failed

(SmartGit:31154): GLib-CRITICAL **: 17:57:41.174: g_base64_encode_step: assertion 'in != NULL' failed

(SmartGit:31154): GLib-CRITICAL **: 17:57:41.174: g_base64_encode_step: assertion 'in != NULL' failed

(SmartGit:31154): GLib-CRITICAL **: 17:57:41.175: g_base64_encode_step: assertion 'in != NULL' failed

(SmartGit:31154): GLib-CRITICAL **: 17:57:41.175: g_base64_encode_step: assertion 'in != NULL' failed

(SmartGit:31154): GLib-CRITICAL **: 17:57:41.221: g_base64_encode_step: assertion 'in != NULL' failed

(SmartGit:31154): GLib-CRITICAL **: 17:57:41.221: g_base64_encode_step: assertion 'in != NULL' failed

(SmartGit:31154): GLib-CRITICAL **: 17:57:41.262: g_base64_encode_step: assertion 'in != NULL' failed

(SmartGit:31154): GLib-CRITICAL **: 17:57:41.262: g_base64_encode_step: assertion 'in != NULL' failed

(SmartGit:31154): GLib-CRITICAL **: 17:57:41.269: g_base64_encode_step: assertion 'in != NULL' failed

(SmartGit:31154): GLib-CRITICAL **: 17:57:41.269: g_base64_encode_step: assertion 'in != NULL' failed

(SmartGit:31154): GLib-CRITICAL **: 17:57:41.270: g_base64_encode_step: assertion 'in != NULL' failed

(SmartGit:31154): GLib-CRITICAL **: 17:57:41.270: g_base64_encode_step: assertion 'in != NULL' failed

(SmartGit:31154): GLib-CRITICAL **: 17:57:41.326: g_base64_encode_step: assertion 'in != NULL' failed

(SmartGit:31154): GLib-CRITICAL **: 17:57:41.326: g_base64_encode_step: assertion 'in != NULL' failed

(SmartGit:31154): GLib-CRITICAL **: 17:57:41.327: g_base64_encode_step: assertion 'in != NULL' failed

(SmartGit:31154): GLib-CRITICAL **: 17:57:41.327: g_base64_encode_step: assertion 'in != NULL' failed

(SmartGit:31154): GLib-CRITICAL **: 17:57:41.329: g_base64_encode_step: assertion 'in != NULL' failed

(SmartGit:31154): GLib-CRITICAL **: 17:57:41.329: g_base64_encode_step: assertion 'in != NULL' failed

(SmartGit:31154): GLib-CRITICAL **: 17:57:41.363: g_base64_encode_step: assertion 'in != NULL' failed

(SmartGit:31154): GLib-CRITICAL **: 17:57:41.363: g_base64_encode_step: assertion 'in != NULL' failed
org.eclipse.m2e.logback.configuration: The org.eclipse.m2e.logback.configuration bundle was activated before the state location was initialized.  Will retry after the state location is initialized.

(Eclipse:31202): GLib-CRITICAL **: 17:57:44.436: g_base64_encode_step: assertion 'in != NULL' failed

(Eclipse:31202): GLib-CRITICAL **: 17:57:44.436: g_base64_encode_step: assertion 'in != NULL' failed

(Eclipse:31202): GLib-CRITICAL **: 17:57:44.437: g_base64_encode_step: assertion 'in != NULL' failed

(Eclipse:31202): GLib-CRITICAL **: 17:57:44.437: g_base64_encode_step: assertion 'in != NULL' failed

(Eclipse:31202): GLib-CRITICAL **: 17:57:44.479: g_base64_encode_step: assertion 'in != NULL' failed

(Eclipse:31202): GLib-CRITICAL **: 17:57:44.479: g_base64_encode_step: assertion 'in != NULL' failed

(Eclipse:31202): GLib-CRITICAL **: 17:57:44.481: g_base64_encode_step: assertion 'in != NULL' failed

(Eclipse:31202): GLib-CRITICAL **: 17:57:44.481: g_base64_encode_step: assertion 'in != NULL' failed

(Eclipse:31202): GLib-CRITICAL **: 17:57:44.482: g_base64_encode_step: assertion 'in != NULL' failed

(Eclipse:31202): GLib-CRITICAL **: 17:57:44.482: g_base64_encode_step: assertion 'in != NULL' failed

(Eclipse:31202): GLib-CRITICAL **: 17:57:44.510: g_base64_encode_step: assertion 'in != NULL' failed

(Eclipse:31202): GLib-CRITICAL **: 17:57:44.510: g_base64_encode_step: assertion 'in != NULL' failed

(Eclipse:31202): GLib-CRITICAL **: 17:57:44.534: g_base64_encode_step: assertion 'in != NULL' failed

(Eclipse:31202): GLib-CRITICAL **: 17:57:44.535: g_base64_encode_step: assertion 'in != NULL' failed

(Eclipse:31202): GLib-CRITICAL **: 17:57:44.538: g_base64_encode_step: assertion 'in != NULL' failed

(Eclipse:31202): GLib-CRITICAL **: 17:57:44.538: g_base64_encode_step: assertion 'in != NULL' failed

(Eclipse:31202): GLib-CRITICAL **: 17:57:44.539: g_base64_encode_step: assertion 'in != NULL' failed

(Eclipse:31202): GLib-CRITICAL **: 17:57:44.539: g_base64_encode_step: assertion 'in != NULL' failed

(Eclipse:31202): GLib-CRITICAL **: 17:57:44.571: g_base64_encode_step: assertion 'in != NULL' failed

(Eclipse:31202): GLib-CRITICAL **: 17:57:44.571: g_base64_encode_step: assertion 'in != NULL' failed

(Eclipse:31202): GLib-CRITICAL **: 17:57:44.572: g_base64_encode_step: assertion 'in != NULL' failed

(Eclipse:31202): GLib-CRITICAL **: 17:57:44.572: g_base64_encode_step: assertion 'in != NULL' failed

(Eclipse:31202): GLib-CRITICAL **: 17:57:44.573: g_base64_encode_step: assertion 'in != NULL' failed

(Eclipse:31202): GLib-CRITICAL **: 17:57:44.573: g_base64_encode_step: assertion 'in != NULL' failed

(Eclipse:31202): GLib-CRITICAL **: 17:57:44.592: g_base64_encode_step: assertion 'in != NULL' failed

(Eclipse:31202): GLib-CRITICAL **: 17:57:44.592: g_base64_encode_step: assertion 'in != NULL' failed
org.eclipse.m2e.logback.configuration: Logback config file: /home/walker/e/workspace/.metadata/.plugins/org.eclipse.m2e.logback.configuration/logback.1.10.0.20181127-2120.xml
SLF4J: Class path contains multiple SLF4J bindings.
SLF4J: Found binding in [bundleresource://937.fwk22006205:1/org/slf4j/impl/StaticLoggerBinder.class]
SLF4J: Found binding in [bundleresource://937.fwk22006205:2/org/slf4j/impl/StaticLoggerBinder.class]
SLF4J: See http://www.slf4j.org/codes.html#multiple_bindings for an explanation.
SLF4J: Actual binding is of type [ch.qos.logback.classic.util.ContextSelectorStaticBinder]
org.eclipse.m2e.logback.configuration: Initializing logback

(Eclipse:31202): Gtk-WARNING **: 17:57:56.711: Negative content width -4 (allocation 2, extents 3x3) while allocating gadget (node progressbar, owner GtkProgressBar)

(Eclipse:31202): Gtk-WARNING **: 17:57:56.711: Negative content width -2 (allocation 0, extents 1x1) while allocating gadget (node trough, owner GtkProgressBar)

(Eclipse:31202): Gtk-WARNING **: 17:57:56.711: Negative content width -4 (allocation 2, extents 3x3) while allocating gadget (node progressbar, owner GtkProgressBar)

(Eclipse:31202): Gtk-WARNING **: 17:57:56.711: Negative content width -2 (allocation 0, extents 1x1) while allocating gadget (node trough, owner GtkProgressBar)

(Eclipse:31202): Gtk-WARNING **: 17:57:56.712: Negative content width -4 (allocation 2, extents 3x3) while allocating gadget (node progressbar, owner GtkProgressBar)

(Eclipse:31202): Gtk-WARNING **: 17:57:56.712: Negative content width -2 (allocation 0, extents 1x1) while allocating gadget (node trough, owner GtkProgressBar)

(Eclipse:31202): Gtk-WARNING **: 17:57:56.712: Negative content width -4 (allocation 2, extents 3x3) while allocating gadget (node progressbar, owner GtkProgressBar)

(Eclipse:31202): Gtk-WARNING **: 17:57:56.712: Negative content width -2 (allocation 0, extents 1x1) while allocating gadget (node trough, owner GtkProgressBar)

(SmartGit:8729): GLib-CRITICAL **: 09:06:40.211: g_base64_encode_step: assertion 'in != NULL' failed

(SmartGit:8729): GLib-CRITICAL **: 09:06:40.211: g_base64_encode_step: assertion 'in != NULL' failed

(SmartGit:8729): GLib-CRITICAL **: 09:06:40.212: g_base64_encode_step: assertion 'in != NULL' failed

(SmartGit:8729): GLib-CRITICAL **: 09:06:40.212: g_base64_encode_step: assertion 'in != NULL' failed

(SmartGit:8729): GLib-CRITICAL **: 09:06:40.255: g_base64_encode_step: assertion 'in != NULL' failed

(SmartGit:8729): GLib-CRITICAL **: 09:06:40.255: g_base64_encode_step: assertion 'in != NULL' failed

(SmartGit:8729): GLib-CRITICAL **: 09:06:40.257: g_base64_encode_step: assertion 'in != NULL' failed

(SmartGit:8729): GLib-CRITICAL **: 09:06:40.257: g_base64_encode_step: assertion 'in != NULL' failed

(SmartGit:8729): GLib-CRITICAL **: 09:06:40.258: g_base64_encode_step: assertion 'in != NULL' failed

(SmartGit:8729): GLib-CRITICAL **: 09:06:40.258: g_base64_encode_step: assertion 'in != NULL' failed

(SmartGit:8729): GLib-CRITICAL **: 09:06:40.287: g_base64_encode_step: assertion 'in != NULL' failed

(SmartGit:8729): GLib-CRITICAL **: 09:06:40.287: g_base64_encode_step: assertion 'in != NULL' failed

(SmartGit:8729): GLib-CRITICAL **: 09:06:40.312: g_base64_encode_step: assertion 'in != NULL' failed

(SmartGit:8729): GLib-CRITICAL **: 09:06:40.313: g_base64_encode_step: assertion 'in != NULL' failed

(SmartGit:8729): GLib-CRITICAL **: 09:06:40.316: g_base64_encode_step: assertion 'in != NULL' failed

(SmartGit:8729): GLib-CRITICAL **: 09:06:40.316: g_base64_encode_step: assertion 'in != NULL' failed

(SmartGit:8729): GLib-CRITICAL **: 09:06:40.317: g_base64_encode_step: assertion 'in != NULL' failed

(SmartGit:8729): GLib-CRITICAL **: 09:06:40.317: g_base64_encode_step: assertion 'in != NULL' failed

(SmartGit:8729): GLib-CRITICAL **: 09:06:40.351: g_base64_encode_step: assertion 'in != NULL' failed

(SmartGit:8729): GLib-CRITICAL **: 09:06:40.351: g_base64_encode_step: assertion 'in != NULL' failed

(SmartGit:8729): GLib-CRITICAL **: 09:06:40.352: g_base64_encode_step: assertion 'in != NULL' failed

(SmartGit:8729): GLib-CRITICAL **: 09:06:40.352: g_base64_encode_step: assertion 'in != NULL' failed

(SmartGit:8729): GLib-CRITICAL **: 09:06:40.353: g_base64_encode_step: assertion 'in != NULL' failed

(SmartGit:8729): GLib-CRITICAL **: 09:06:40.353: g_base64_encode_step: assertion 'in != NULL' failed

(SmartGit:8729): GLib-CRITICAL **: 09:06:40.374: g_base64_encode_step: assertion 'in != NULL' failed

(SmartGit:8729): GLib-CRITICAL **: 09:06:40.374: g_base64_encode_step: assertion 'in != NULL' failed

(SmartGit:12676): GLib-CRITICAL **: 14:49:02.293: g_base64_encode_step: assertion 'in != NULL' failed

(SmartGit:12676): GLib-CRITICAL **: 14:49:02.293: g_base64_encode_step: assertion 'in != NULL' failed

(SmartGit:12676): GLib-CRITICAL **: 14:49:02.293: g_base64_encode_step: assertion 'in != NULL' failed

(SmartGit:12676): GLib-CRITICAL **: 14:49:02.293: g_base64_encode_step: assertion 'in != NULL' failed

(SmartGit:12676): GLib-CRITICAL **: 14:49:02.350: g_base64_encode_step: assertion 'in != NULL' failed

(SmartGit:12676): GLib-CRITICAL **: 14:49:02.350: g_base64_encode_step: assertion 'in != NULL' failed

(SmartGit:12676): GLib-CRITICAL **: 14:49:02.353: g_base64_encode_step: assertion 'in != NULL' failed

(SmartGit:12676): GLib-CRITICAL **: 14:49:02.353: g_base64_encode_step: assertion 'in != NULL' failed

(SmartGit:12676): GLib-CRITICAL **: 14:49:02.353: g_base64_encode_step: assertion 'in != NULL' failed

(SmartGit:12676): GLib-CRITICAL **: 14:49:02.353: g_base64_encode_step: assertion 'in != NULL' failed

(SmartGit:12676): GLib-CRITICAL **: 14:49:02.383: g_base64_encode_step: assertion 'in != NULL' failed

(SmartGit:12676): GLib-CRITICAL **: 14:49:02.383: g_base64_encode_step: assertion 'in != NULL' failed

(SmartGit:12676): GLib-CRITICAL **: 14:49:02.409: g_base64_encode_step: assertion 'in != NULL' failed

(SmartGit:12676): GLib-CRITICAL **: 14:49:02.409: g_base64_encode_step: assertion 'in != NULL' failed

(SmartGit:12676): GLib-CRITICAL **: 14:49:02.413: g_base64_encode_step: assertion 'in != NULL' failed

(SmartGit:12676): GLib-CRITICAL **: 14:49:02.413: g_base64_encode_step: assertion 'in != NULL' failed

(SmartGit:12676): GLib-CRITICAL **: 14:49:02.414: g_base64_encode_step: assertion 'in != NULL' failed

(SmartGit:12676): GLib-CRITICAL **: 14:49:02.414: g_base64_encode_step: assertion 'in != NULL' failed

(SmartGit:12676): GLib-CRITICAL **: 14:49:02.448: g_base64_encode_step: assertion 'in != NULL' failed

(SmartGit:12676): GLib-CRITICAL **: 14:49:02.448: g_base64_encode_step: assertion 'in != NULL' failed

(SmartGit:12676): GLib-CRITICAL **: 14:49:02.449: g_base64_encode_step: assertion 'in != NULL' failed

(SmartGit:12676): GLib-CRITICAL **: 14:49:02.449: g_base64_encode_step: assertion 'in != NULL' failed

(SmartGit:12676): GLib-CRITICAL **: 14:49:02.450: g_base64_encode_step: assertion 'in != NULL' failed

(SmartGit:12676): GLib-CRITICAL **: 14:49:02.450: g_base64_encode_step: assertion 'in != NULL' failed

(SmartGit:12676): GLib-CRITICAL **: 14:49:02.471: g_base64_encode_step: assertion 'in != NULL' failed

(SmartGit:12676): GLib-CRITICAL **: 14:49:02.471: g_base64_encode_step: assertion 'in != NULL' failed
*** BUG ***
In pixman_region32_init_rect: Invalid rectangle passed
Set a breakpoint on '_pixman_log_error' to debug

*** BUG ***
In pixman_region32_init_rect: Invalid rectangle passed
Set a breakpoint on '_pixman_log_error' to debug


(Eclipse:31202): Gtk-WARNING **: 15:43:14.262: gtk_widget_size_allocate(): attempt to allocate widget with width 12 and height -13

(Eclipse:31202): Gtk-CRITICAL **: 15:43:14.262: gtk_box_gadget_distribute: assertion 'size >= 0' failed in GtkScrollbar
*** BUG ***
In pixman_region32_init_rect: Invalid rectangle passed
Set a breakpoint on '_pixman_log_error' to debug

*** BUG ***
In pixman_region32_init_rect: Invalid rectangle passed
Set a breakpoint on '_pixman_log_error' to debug

*** BUG ***
In pixman_region32_init_rect: Invalid rectangle passed
Set a breakpoint on '_pixman_log_error' to debug


(Eclipse:31202): Gtk-WARNING **: 15:58:41.679: Failed to measure available space: 读取 /media/walker/2650-C0BB 文件系统信息时出错：没有那个文件或目录

(Eclipse:31202): Gtk-WARNING **: 16:28:10.750: Failed to measure available space: 读取 /media/walker/2650-C0BB 文件系统信息时出错：没有那个文件或目录

(Eclipse:31202): Gtk-WARNING **: 16:49:15.722: Failed to measure available space: 读取 /media/walker/2650-C0BB 文件系统信息时出错：没有那个文件或目录

(Eclipse:31202): Gtk-WARNING **: 16:49:15.722: Failed to measure available space: 读取 /media/walker/2650-C0BB 文件系统信息时出错：没有那个文件或目录
Gdk-Message: 15:40:29.270: Eclipse: Fatal IO error 11 (资源暂时不可用) on X server :0.

Gdk-Message: 15:40:29.277: WebKitWebProcess: Fatal IO error 11 (资源暂时不可用) on X server :0.

Gdk-Message: 15:40:29.336: SmartGit: Fatal IO error 11 (资源暂时不可用) on X server :0.

Gdk-Message: 15:40:29.475: eclipse: Fatal IO error 0 (成功) on X server :0.


(SmartGit:2478): GLib-CRITICAL **: 08:48:39.008: g_base64_encode_step: assertion 'in != NULL' failed

(SmartGit:2478): GLib-CRITICAL **: 08:48:39.019: g_base64_encode_step: assertion 'in != NULL' failed

(SmartGit:2478): GLib-CRITICAL **: 08:48:39.020: g_base64_encode_step: assertion 'in != NULL' failed

(SmartGit:2478): GLib-CRITICAL **: 08:48:39.020: g_base64_encode_step: assertion 'in != NULL' failed

(SmartGit:2478): GLib-CRITICAL **: 08:48:39.147: g_base64_encode_step: assertion 'in != NULL' failed

(SmartGit:2478): GLib-CRITICAL **: 08:48:39.147: g_base64_encode_step: assertion 'in != NULL' failed

(SmartGit:2478): GLib-CRITICAL **: 08:48:39.151: g_base64_encode_step: assertion 'in != NULL' failed

(SmartGit:2478): GLib-CRITICAL **: 08:48:39.151: g_base64_encode_step: assertion 'in != NULL' failed

(SmartGit:2478): GLib-CRITICAL **: 08:48:39.152: g_base64_encode_step: assertion 'in != NULL' failed

(SmartGit:2478): GLib-CRITICAL **: 08:48:39.152: g_base64_encode_step: assertion 'in != NULL' failed

(SmartGit:2478): GLib-CRITICAL **: 08:48:39.207: g_base64_encode_step: assertion 'in != NULL' failed

(SmartGit:2478): GLib-CRITICAL **: 08:48:39.208: g_base64_encode_step: assertion 'in != NULL' failed

(SmartGit:2478): GLib-CRITICAL **: 08:48:39.276: g_base64_encode_step: assertion 'in != NULL' failed

(SmartGit:2478): GLib-CRITICAL **: 08:48:39.277: g_base64_encode_step: assertion 'in != NULL' failed

(SmartGit:2478): GLib-CRITICAL **: 08:48:39.286: g_base64_encode_step: assertion 'in != NULL' failed

(SmartGit:2478): GLib-CRITICAL **: 08:48:39.286: g_base64_encode_step: assertion 'in != NULL' failed

(SmartGit:2478): GLib-CRITICAL **: 08:48:39.288: g_base64_encode_step: assertion 'in != NULL' failed

(SmartGit:2478): GLib-CRITICAL **: 08:48:39.288: g_base64_encode_step: assertion 'in != NULL' failed

(SmartGit:2478): GLib-CRITICAL **: 08:48:39.415: g_base64_encode_step: assertion 'in != NULL' failed

(SmartGit:2478): GLib-CRITICAL **: 08:48:39.415: g_base64_encode_step: assertion 'in != NULL' failed

(SmartGit:2478): GLib-CRITICAL **: 08:48:39.416: g_base64_encode_step: assertion 'in != NULL' failed

(SmartGit:2478): GLib-CRITICAL **: 08:48:39.416: g_base64_encode_step: assertion 'in != NULL' failed

(SmartGit:2478): GLib-CRITICAL **: 08:48:39.418: g_base64_encode_step: assertion 'in != NULL' failed

(SmartGit:2478): GLib-CRITICAL **: 08:48:39.441: g_base64_encode_step: assertion 'in != NULL' failed

(SmartGit:2478): GLib-CRITICAL **: 08:48:39.487: g_base64_encode_step: assertion 'in != NULL' failed

(SmartGit:2478): GLib-CRITICAL **: 08:48:39.488: g_base64_encode_step: assertion 'in != NULL' failed
org.eclipse.m2e.logback.configuration: The org.eclipse.m2e.logback.configuration bundle was activated before the state location was initialized.  Will retry after the state location is initialized.

(Eclipse:2522): GLib-CRITICAL **: 08:48:43.306: g_base64_encode_step: assertion 'in != NULL' failed

(Eclipse:2522): GLib-CRITICAL **: 08:48:43.306: g_base64_encode_step: assertion 'in != NULL' failed

(Eclipse:2522): GLib-CRITICAL **: 08:48:43.306: g_base64_encode_step: assertion 'in != NULL' failed

(Eclipse:2522): GLib-CRITICAL **: 08:48:43.306: g_base64_encode_step: assertion 'in != NULL' failed

(Eclipse:2522): GLib-CRITICAL **: 08:48:43.358: g_base64_encode_step: assertion 'in != NULL' failed

(Eclipse:2522): GLib-CRITICAL **: 08:48:43.358: g_base64_encode_step: assertion 'in != NULL' failed

(Eclipse:2522): GLib-CRITICAL **: 08:48:43.360: g_base64_encode_step: assertion 'in != NULL' failed

(Eclipse:2522): GLib-CRITICAL **: 08:48:43.360: g_base64_encode_step: assertion 'in != NULL' failed

(Eclipse:2522): GLib-CRITICAL **: 08:48:43.361: g_base64_encode_step: assertion 'in != NULL' failed

(Eclipse:2522): GLib-CRITICAL **: 08:48:43.361: g_base64_encode_step: assertion 'in != NULL' failed

(Eclipse:2522): GLib-CRITICAL **: 08:48:43.407: g_base64_encode_step: assertion 'in != NULL' failed

(Eclipse:2522): GLib-CRITICAL **: 08:48:43.407: g_base64_encode_step: assertion 'in != NULL' failed

(Eclipse:2522): GLib-CRITICAL **: 08:48:43.446: g_base64_encode_step: assertion 'in != NULL' failed

(Eclipse:2522): GLib-CRITICAL **: 08:48:43.447: g_base64_encode_step: assertion 'in != NULL' failed

(Eclipse:2522): GLib-CRITICAL **: 08:48:43.452: g_base64_encode_step: assertion 'in != NULL' failed

(Eclipse:2522): GLib-CRITICAL **: 08:48:43.452: g_base64_encode_step: assertion 'in != NULL' failed

(Eclipse:2522): GLib-CRITICAL **: 08:48:43.453: g_base64_encode_step: assertion 'in != NULL' failed

(Eclipse:2522): GLib-CRITICAL **: 08:48:43.453: g_base64_encode_step: assertion 'in != NULL' failed

(Eclipse:2522): GLib-CRITICAL **: 08:48:43.491: g_base64_encode_step: assertion 'in != NULL' failed

(Eclipse:2522): GLib-CRITICAL **: 08:48:43.491: g_base64_encode_step: assertion 'in != NULL' failed

(Eclipse:2522): GLib-CRITICAL **: 08:48:43.492: g_base64_encode_step: assertion 'in != NULL' failed

(Eclipse:2522): GLib-CRITICAL **: 08:48:43.492: g_base64_encode_step: assertion 'in != NULL' failed

(Eclipse:2522): GLib-CRITICAL **: 08:48:43.493: g_base64_encode_step: assertion 'in != NULL' failed

(Eclipse:2522): GLib-CRITICAL **: 08:48:43.494: g_base64_encode_step: assertion 'in != NULL' failed

(Eclipse:2522): GLib-CRITICAL **: 08:48:43.516: g_base64_encode_step: assertion 'in != NULL' failed

(Eclipse:2522): GLib-CRITICAL **: 08:48:43.516: g_base64_encode_step: assertion 'in != NULL' failed
org.eclipse.m2e.logback.configuration: Logback config file: /home/walker/e/workspace/.metadata/.plugins/org.eclipse.m2e.logback.configuration/logback.1.10.0.20181127-2120.xml
SLF4J: Class path contains multiple SLF4J bindings.
SLF4J: Found binding in [bundleresource://937.fwk2127862399:1/org/slf4j/impl/StaticLoggerBinder.class]
SLF4J: Found binding in [bundleresource://937.fwk2127862399:2/org/slf4j/impl/StaticLoggerBinder.class]
SLF4J: See http://www.slf4j.org/codes.html#multiple_bindings for an explanation.
SLF4J: Actual binding is of type [ch.qos.logback.classic.util.ContextSelectorStaticBinder]
org.eclipse.m2e.logback.configuration: Initializing logback

(Eclipse:2522): Gtk-WARNING **: 08:49:07.173: Negative content width -4 (allocation 2, extents 3x3) while allocating gadget (node progressbar, owner GtkProgressBar)

(Eclipse:2522): Gtk-WARNING **: 08:49:07.174: Negative content width -2 (allocation 0, extents 1x1) while allocating gadget (node trough, owner GtkProgressBar)

(Eclipse:2522): Gtk-WARNING **: 08:49:07.174: Negative content width -4 (allocation 2, extents 3x3) while allocating gadget (node progressbar, owner GtkProgressBar)

(Eclipse:2522): Gtk-WARNING **: 08:49:07.174: Negative content width -2 (allocation 0, extents 1x1) while allocating gadget (node trough, owner GtkProgressBar)

(Eclipse:2522): Gtk-WARNING **: 08:49:07.174: Negative content width -4 (allocation 2, extents 3x3) while allocating gadget (node progressbar, owner GtkProgressBar)

(Eclipse:2522): Gtk-WARNING **: 08:49:07.174: Negative content width -2 (allocation 0, extents 1x1) while allocating gadget (node trough, owner GtkProgressBar)

(Eclipse:2522): Gtk-WARNING **: 08:49:07.175: Negative content width -4 (allocation 2, extents 3x3) while allocating gadget (node progressbar, owner GtkProgressBar)

(Eclipse:2522): Gtk-WARNING **: 08:49:07.175: Negative content width -2 (allocation 0, extents 1x1) while allocating gadget (node trough, owner GtkProgressBar)

(SmartGit:7186): GLib-CRITICAL **: 12:31:03.679: g_base64_encode_step: assertion 'in != NULL' failed

(SmartGit:7186): GLib-CRITICAL **: 12:31:03.679: g_base64_encode_step: assertion 'in != NULL' failed

(SmartGit:7186): GLib-CRITICAL **: 12:31:03.679: g_base64_encode_step: assertion 'in != NULL' failed

(SmartGit:7186): GLib-CRITICAL **: 12:31:03.679: g_base64_encode_step: assertion 'in != NULL' failed

(SmartGit:7186): GLib-CRITICAL **: 12:31:03.728: g_base64_encode_step: assertion 'in != NULL' failed

(SmartGit:7186): GLib-CRITICAL **: 12:31:03.728: g_base64_encode_step: assertion 'in != NULL' failed

(SmartGit:7186): GLib-CRITICAL **: 12:31:03.730: g_base64_encode_step: assertion 'in != NULL' failed

(SmartGit:7186): GLib-CRITICAL **: 12:31:03.730: g_base64_encode_step: assertion 'in != NULL' failed

(SmartGit:7186): GLib-CRITICAL **: 12:31:03.730: g_base64_encode_step: assertion 'in != NULL' failed

(SmartGit:7186): GLib-CRITICAL **: 12:31:03.731: g_base64_encode_step: assertion 'in != NULL' failed

(SmartGit:7186): GLib-CRITICAL **: 12:31:03.762: g_base64_encode_step: assertion 'in != NULL' failed

(SmartGit:7186): GLib-CRITICAL **: 12:31:03.762: g_base64_encode_step: assertion 'in != NULL' failed

(SmartGit:7186): GLib-CRITICAL **: 12:31:03.786: g_base64_encode_step: assertion 'in != NULL' failed

(SmartGit:7186): GLib-CRITICAL **: 12:31:03.786: g_base64_encode_step: assertion 'in != NULL' failed

(SmartGit:7186): GLib-CRITICAL **: 12:31:03.790: g_base64_encode_step: assertion 'in != NULL' failed

(SmartGit:7186): GLib-CRITICAL **: 12:31:03.790: g_base64_encode_step: assertion 'in != NULL' failed

(SmartGit:7186): GLib-CRITICAL **: 12:31:03.791: g_base64_encode_step: assertion 'in != NULL' failed

(SmartGit:7186): GLib-CRITICAL **: 12:31:03.791: g_base64_encode_step: assertion 'in != NULL' failed

(SmartGit:7186): GLib-CRITICAL **: 12:31:03.823: g_base64_encode_step: assertion 'in != NULL' failed

(SmartGit:7186): GLib-CRITICAL **: 12:31:03.823: g_base64_encode_step: assertion 'in != NULL' failed

(SmartGit:7186): GLib-CRITICAL **: 12:31:03.824: g_base64_encode_step: assertion 'in != NULL' failed

(SmartGit:7186): GLib-CRITICAL **: 12:31:03.824: g_base64_encode_step: assertion 'in != NULL' failed

(SmartGit:7186): GLib-CRITICAL **: 12:31:03.825: g_base64_encode_step: assertion 'in != NULL' failed

(SmartGit:7186): GLib-CRITICAL **: 12:31:03.825: g_base64_encode_step: assertion 'in != NULL' failed

(SmartGit:7186): GLib-CRITICAL **: 12:31:03.844: g_base64_encode_step: assertion 'in != NULL' failed

(SmartGit:7186): GLib-CRITICAL **: 12:31:03.845: g_base64_encode_step: assertion 'in != NULL' failed
*** BUG ***
In pixman_region32_init_rect: Invalid rectangle passed
Set a breakpoint on '_pixman_log_error' to debug

*** BUG ***
In pixman_region32_init_rect: Invalid rectangle passed
Set a breakpoint on '_pixman_log_error' to debug

*** BUG ***
In pixman_region32_init_rect: Invalid rectangle passed
Set a breakpoint on '_pixman_log_error' to debug

*** BUG ***
In pixman_region32_init_rect: Invalid rectangle passed
Set a breakpoint on '_pixman_log_error' to debug

*** BUG ***
In pixman_region32_init_rect: Invalid rectangle passed
Set a breakpoint on '_pixman_log_error' to debug

org.eclipse.m2e.logback.configuration: The org.eclipse.m2e.logback.configuration bundle was activated before the state location was initialized.  Will retry after the state location is initialized.

(Eclipse:30194): GLib-CRITICAL **: 16:27:42.012: g_base64_encode_step: assertion 'in != NULL' failed

(Eclipse:30194): GLib-CRITICAL **: 16:27:42.012: g_base64_encode_step: assertion 'in != NULL' failed

(Eclipse:30194): GLib-CRITICAL **: 16:27:42.013: g_base64_encode_step: assertion 'in != NULL' failed

(Eclipse:30194): GLib-CRITICAL **: 16:27:42.013: g_base64_encode_step: assertion 'in != NULL' failed

(Eclipse:30194): GLib-CRITICAL **: 16:27:42.084: g_base64_encode_step: assertion 'in != NULL' failed

(Eclipse:30194): GLib-CRITICAL **: 16:27:42.084: g_base64_encode_step: assertion 'in != NULL' failed

(Eclipse:30194): GLib-CRITICAL **: 16:27:42.087: g_base64_encode_step: assertion 'in != NULL' failed

(Eclipse:30194): GLib-CRITICAL **: 16:27:42.087: g_base64_encode_step: assertion 'in != NULL' failed

(Eclipse:30194): GLib-CRITICAL **: 16:27:42.088: g_base64_encode_step: assertion 'in != NULL' failed

(Eclipse:30194): GLib-CRITICAL **: 16:27:42.088: g_base64_encode_step: assertion 'in != NULL' failed

(Eclipse:30194): GLib-CRITICAL **: 16:27:42.134: g_base64_encode_step: assertion 'in != NULL' failed

(Eclipse:30194): GLib-CRITICAL **: 16:27:42.135: g_base64_encode_step: assertion 'in != NULL' failed

(Eclipse:30194): GLib-CRITICAL **: 16:27:42.175: g_base64_encode_step: assertion 'in != NULL' failed

(Eclipse:30194): GLib-CRITICAL **: 16:27:42.176: g_base64_encode_step: assertion 'in != NULL' failed

(Eclipse:30194): GLib-CRITICAL **: 16:27:42.182: g_base64_encode_step: assertion 'in != NULL' failed

(Eclipse:30194): GLib-CRITICAL **: 16:27:42.182: g_base64_encode_step: assertion 'in != NULL' failed

(Eclipse:30194): GLib-CRITICAL **: 16:27:42.184: g_base64_encode_step: assertion 'in != NULL' failed

(Eclipse:30194): GLib-CRITICAL **: 16:27:42.184: g_base64_encode_step: assertion 'in != NULL' failed

(Eclipse:30194): GLib-CRITICAL **: 16:27:42.239: g_base64_encode_step: assertion 'in != NULL' failed

(Eclipse:30194): GLib-CRITICAL **: 16:27:42.239: g_base64_encode_step: assertion 'in != NULL' failed

(Eclipse:30194): GLib-CRITICAL **: 16:27:42.240: g_base64_encode_step: assertion 'in != NULL' failed

(Eclipse:30194): GLib-CRITICAL **: 16:27:42.240: g_base64_encode_step: assertion 'in != NULL' failed

(Eclipse:30194): GLib-CRITICAL **: 16:27:42.242: g_base64_encode_step: assertion 'in != NULL' failed

(Eclipse:30194): GLib-CRITICAL **: 16:27:42.242: g_base64_encode_step: assertion 'in != NULL' failed

(Eclipse:30194): GLib-CRITICAL **: 16:27:42.266: g_base64_encode_step: assertion 'in != NULL' failed

(Eclipse:30194): GLib-CRITICAL **: 16:27:42.266: g_base64_encode_step: assertion 'in != NULL' failed
org.eclipse.m2e.logback.configuration: Logback config file: /home/walker/e/workspace/.metadata/.plugins/org.eclipse.m2e.logback.configuration/logback.1.10.0.20181127-2120.xml
SLF4J: Class path contains multiple SLF4J bindings.
SLF4J: Found binding in [bundleresource://937.fwk483832253:1/org/slf4j/impl/StaticLoggerBinder.class]
SLF4J: Found binding in [bundleresource://937.fwk483832253:2/org/slf4j/impl/StaticLoggerBinder.class]
SLF4J: See http://www.slf4j.org/codes.html#multiple_bindings for an explanation.
SLF4J: Actual binding is of type [ch.qos.logback.classic.util.ContextSelectorStaticBinder]
org.eclipse.m2e.logback.configuration: Initializing logback

(Eclipse:30194): Gtk-WARNING **: 16:27:53.201: Negative content width -4 (allocation 2, extents 3x3) while allocating gadget (node progressbar, owner GtkProgressBar)

(Eclipse:30194): Gtk-WARNING **: 16:27:53.201: Negative content width -2 (allocation 0, extents 1x1) while allocating gadget (node trough, owner GtkProgressBar)

(Eclipse:30194): Gtk-WARNING **: 16:27:53.202: Negative content width -4 (allocation 2, extents 3x3) while allocating gadget (node progressbar, owner GtkProgressBar)

(Eclipse:30194): Gtk-WARNING **: 16:27:53.202: Negative content width -2 (allocation 0, extents 1x1) while allocating gadget (node trough, owner GtkProgressBar)

(Eclipse:30194): Gtk-WARNING **: 16:27:53.202: Negative content width -4 (allocation 2, extents 3x3) while allocating gadget (node progressbar, owner GtkProgressBar)

(Eclipse:30194): Gtk-WARNING **: 16:27:53.202: Negative content width -2 (allocation 0, extents 1x1) while allocating gadget (node trough, owner GtkProgressBar)

(Eclipse:30194): Gtk-WARNING **: 16:27:53.202: Negative content width -4 (allocation 2, extents 3x3) while allocating gadget (node progressbar, owner GtkProgressBar)

(Eclipse:30194): Gtk-WARNING **: 16:27:53.202: Negative content width -2 (allocation 0, extents 1x1) while allocating gadget (node trough, owner GtkProgressBar)
class org.sf.feeling.decompiler.source.attach.finder.MavenRepoSourceCodeFinder /home/walker/e/workspace/message_system/client/lib/rhmq.jar
class org.sf.feeling.decompiler.source.attach.finder.NexusSourceCodeFinder; serviceUrl=https://repository.jboss.org/nexus/index.html /home/walker/e/workspace/message_system/client/lib/rhmq.jar
java.lang.NoClassDefFoundError: javax/xml/bind/JAXBContext
	at org.sf.feeling.decompiler.source.attach.finder.NexusSourceCodeFinder.findArtifactsUsingNexus(NexusSourceCodeFinder.java:216)
	at org.sf.feeling.decompiler.source.attach.finder.NexusSourceCodeFinder.find(NexusSourceCodeFinder.java:65)
	at org.sf.feeling.decompiler.source.attach.finder.SourceCodeFinderFacade.find(SourceCodeFinderFacade.java:140)
	at org.sf.feeling.decompiler.source.attach.finder.FinderManager$Worker.run(FinderManager.java:128)
Caused by: java.lang.ClassNotFoundException: javax.xml.bind.JAXBContext cannot be found by org.sf.feeling.decompiler.source.attach_3.1.1.201811062102
	at org.eclipse.osgi.internal.loader.BundleLoader.findClassInternal(BundleLoader.java:511)
	at org.eclipse.osgi.internal.loader.BundleLoader.findClass(BundleLoader.java:422)
	at org.eclipse.osgi.internal.loader.BundleLoader.findClass(BundleLoader.java:414)
	at org.eclipse.osgi.internal.loader.ModuleClassLoader.loadClass(ModuleClassLoader.java:153)
	at java.base/java.lang.ClassLoader.loadClass(ClassLoader.java:521)
	... 4 more
class org.sf.feeling.decompiler.source.attach.finder.NexusSourceCodeFinder; serviceUrl=https://oss.sonatype.org/index.html /home/walker/e/workspace/message_system/client/lib/rhmq.jar
java.lang.NoClassDefFoundError: javax/xml/bind/JAXBContext
	at org.sf.feeling.decompiler.source.attach.finder.NexusSourceCodeFinder.findArtifactsUsingNexus(NexusSourceCodeFinder.java:216)
	at org.sf.feeling.decompiler.source.attach.finder.NexusSourceCodeFinder.find(NexusSourceCodeFinder.java:65)
	at org.sf.feeling.decompiler.source.attach.finder.SourceCodeFinderFacade.find(SourceCodeFinderFacade.java:140)
	at org.sf.feeling.decompiler.source.attach.finder.FinderManager$Worker.run(FinderManager.java:128)
class org.sf.feeling.decompiler.source.attach.finder.ArtifactorySourceCodeFinder; serviceUrl=https://repo.grails.org/grails/webapp/home.html /home/walker/e/workspace/message_system/client/lib/rhmq.jar
class org.sf.feeling.decompiler.source.attach.finder.EclipsePluginSourceByUrlPatternFinder; urlPattern=http://www.filewatcher.com/_/?q={0} /home/walker/e/workspace/message_system/client/lib/rhmq.jar
org.sf.feeling.decompiler.source.attach.finder.GrepCodeSourceCodeFinder@65aa1418 /home/walker/e/workspace/message_system/client/lib/rhmq.jar
class org.sf.feeling.decompiler.source.attach.finder.SourceAttacherServiceSourceCodeFinder /home/walker/e/workspace/message_system/client/lib/rhmq.jar
java.net.SocketTimeoutException: connect timed out
	at java.base/java.net.PlainSocketImpl.socketConnect(Native Method)
	at java.base/java.net.AbstractPlainSocketImpl.doConnect(AbstractPlainSocketImpl.java:399)
	at java.base/java.net.AbstractPlainSocketImpl.connectToAddress(AbstractPlainSocketImpl.java:242)
	at java.base/java.net.AbstractPlainSocketImpl.connect(AbstractPlainSocketImpl.java:224)
	at java.base/java.net.Socket.connect(Socket.java:591)
	at java.base/sun.net.NetworkClient.doConnect(NetworkClient.java:177)
	at java.base/sun.net.www.http.HttpClient.openServer(HttpClient.java:474)
	at java.base/sun.net.www.http.HttpClient.openServer(HttpClient.java:569)
	at java.base/sun.net.www.http.HttpClient.<init>(HttpClient.java:242)
	at java.base/sun.net.www.http.HttpClient.New(HttpClient.java:341)
	at java.base/sun.net.www.http.HttpClient.New(HttpClient.java:362)
	at java.base/sun.net.www.protocol.http.HttpURLConnection.getNewHttpClient(HttpURLConnection.java:1242)
	at java.base/sun.net.www.protocol.http.HttpURLConnection.plainConnect0(HttpURLConnection.java:1181)
	at java.base/sun.net.www.protocol.http.HttpURLConnection.plainConnect(HttpURLConnection.java:1075)
	at java.base/sun.net.www.protocol.http.HttpURLConnection.connect(HttpURLConnection.java:1009)
	at java.base/sun.net.www.protocol.http.HttpURLConnection.getInputStream0(HttpURLConnection.java:1581)
	at java.base/sun.net.www.protocol.http.HttpURLConnection.getInputStream(HttpURLConnection.java:1509)
	at org.sf.feeling.decompiler.source.attach.finder.SourceAttacherServiceSourceCodeFinder.find(SourceAttacherServiceSourceCodeFinder.java:67)
	at org.sf.feeling.decompiler.source.attach.finder.SourceCodeFinderFacade.find(SourceCodeFinderFacade.java:140)
	at org.sf.feeling.decompiler.source.attach.finder.FinderManager$Worker.run(FinderManager.java:128)
class org.sf.feeling.decompiler.source.attach.finder.NexusSourceCodeFinder; serviceUrl=https://repository.apache.org/index.html /home/walker/e/workspace/message_system/client/lib/rhmq.jar
java.lang.NoClassDefFoundError: javax/xml/bind/JAXBContext
	at org.sf.feeling.decompiler.source.attach.finder.NexusSourceCodeFinder.findArtifactsUsingNexus(NexusSourceCodeFinder.java:216)
	at org.sf.feeling.decompiler.source.attach.finder.NexusSourceCodeFinder.find(NexusSourceCodeFinder.java:65)
	at org.sf.feeling.decompiler.source.attach.finder.SourceCodeFinderFacade.find(SourceCodeFinderFacade.java:140)
	at org.sf.feeling.decompiler.source.attach.finder.FinderManager$Worker.run(FinderManager.java:128)
class org.sf.feeling.decompiler.source.attach.finder.NexusSourceCodeFinder; serviceUrl=https://repository.ow2.org/nexus/index.html /home/walker/e/workspace/message_system/client/lib/rhmq.jar
java.lang.NoClassDefFoundError: javax/xml/bind/JAXBContext
	at org.sf.feeling.decompiler.source.attach.finder.NexusSourceCodeFinder.findArtifactsUsingNexus(NexusSourceCodeFinder.java:216)
	at org.sf.feeling.decompiler.source.attach.finder.NexusSourceCodeFinder.find(NexusSourceCodeFinder.java:65)
	at org.sf.feeling.decompiler.source.attach.finder.SourceCodeFinderFacade.find(SourceCodeFinderFacade.java:140)
	at org.sf.feeling.decompiler.source.attach.finder.FinderManager$Worker.run(FinderManager.java:128)
class org.sf.feeling.decompiler.source.attach.finder.NexusSourceCodeFinder; serviceUrl=https://maven.java.net/index.html /home/walker/e/workspace/message_system/client/lib/rhmq.jar
java.lang.NoClassDefFoundError: javax/xml/bind/JAXBContext
	at org.sf.feeling.decompiler.source.attach.finder.NexusSourceCodeFinder.findArtifactsUsingNexus(NexusSourceCodeFinder.java:216)
	at org.sf.feeling.decompiler.source.attach.finder.NexusSourceCodeFinder.find(NexusSourceCodeFinder.java:65)
	at org.sf.feeling.decompiler.source.attach.finder.SourceCodeFinderFacade.find(SourceCodeFinderFacade.java:140)
	at org.sf.feeling.decompiler.source.attach.finder.FinderManager$Worker.run(FinderManager.java:128)
class org.sf.feeling.decompiler.source.attach.finder.NexusSourceCodeFinder; serviceUrl=https://maven.nuxeo.org/nexus/index.html /home/walker/e/workspace/message_system/client/lib/rhmq.jar
java.lang.NoClassDefFoundError: javax/xml/bind/JAXBContext
	at org.sf.feeling.decompiler.source.attach.finder.NexusSourceCodeFinder.findArtifactsUsingNexus(NexusSourceCodeFinder.java:216)
	at org.sf.feeling.decompiler.source.attach.finder.NexusSourceCodeFinder.find(NexusSourceCodeFinder.java:65)
	at org.sf.feeling.decompiler.source.attach.finder.SourceCodeFinderFacade.find(SourceCodeFinderFacade.java:140)
	at org.sf.feeling.decompiler.source.attach.finder.FinderManager$Worker.run(FinderManager.java:128)
class org.sf.feeling.decompiler.source.attach.finder.NexusSourceCodeFinder; serviceUrl=https://maven.alfresco.com/nexus/index.html /home/walker/e/workspace/message_system/client/lib/rhmq.jar
java.lang.NoClassDefFoundError: javax/xml/bind/JAXBContext
	at org.sf.feeling.decompiler.source.attach.finder.NexusSourceCodeFinder.findArtifactsUsingNexus(NexusSourceCodeFinder.java:216)
	at org.sf.feeling.decompiler.source.attach.finder.NexusSourceCodeFinder.find(NexusSourceCodeFinder.java:65)
	at org.sf.feeling.decompiler.source.attach.finder.SourceCodeFinderFacade.find(SourceCodeFinderFacade.java:140)
	at org.sf.feeling.decompiler.source.attach.finder.FinderManager$Worker.run(FinderManager.java:128)
class org.sf.feeling.decompiler.source.attach.finder.NexusSourceCodeFinder; serviceUrl=http://nexus.xwiki.org/nexus/index.html /home/walker/e/workspace/message_system/client/lib/rhmq.jar
java.lang.NoClassDefFoundError: javax/xml/bind/JAXBContext
	at org.sf.feeling.decompiler.source.attach.finder.NexusSourceCodeFinder.findArtifactsUsingNexus(NexusSourceCodeFinder.java:216)
	at org.sf.feeling.decompiler.source.attach.finder.NexusSourceCodeFinder.find(NexusSourceCodeFinder.java:65)
	at org.sf.feeling.decompiler.source.attach.finder.SourceCodeFinderFacade.find(SourceCodeFinderFacade.java:140)
	at org.sf.feeling.decompiler.source.attach.finder.FinderManager$Worker.run(FinderManager.java:128)
class org.sf.feeling.decompiler.source.attach.finder.ArtifactorySourceCodeFinder; serviceUrl=https://repository.cloudera.com/artifactory/webapp/home.html /home/walker/e/workspace/message_system/client/lib/rhmq.jar
class org.sf.feeling.decompiler.source.attach.finder.ArtifactorySourceCodeFinder; serviceUrl=https://repo.spring.io/webapp/home.html /home/walker/e/workspace/message_system/client/lib/rhmq.jar
class org.sf.feeling.decompiler.source.attach.finder.EclipsePluginSourceByFTPSearchv3Finder; urlPattern=http://www.search-ftp.com/lsftp.ashx?s={0} /home/walker/e/workspace/message_system/client/lib/rhmq.jar
class org.sf.feeling.decompiler.source.attach.finder.EclipsePluginSourceByUrlPatternFinder; urlPattern=http://www.mmnt.ru/int/get?st={0} /home/walker/e/workspace/message_system/client/lib/rhmq.jar
org.sf.feeling.decompiler.source.attach.finder.EclipseSourceReferencesSourceCodeFinder@61f6d3a0 /home/walker/e/workspace/message_system/client/lib/rhmq.jar
org.sf.feeling.decompiler.source.attach.finder.JreSourceCodeFinder@6fdeef40 /home/walker/e/workspace/message_system/client/lib/rhmq.jar

(Eclipse:30194): Gtk-WARNING **: 16:48:03.699: Negative content width -4 (allocation 2, extents 3x3) while allocating gadget (node progressbar, owner GtkProgressBar)

(Eclipse:30194): Gtk-WARNING **: 16:48:03.699: Negative content width -2 (allocation 0, extents 1x1) while allocating gadget (node trough, owner GtkProgressBar)

(Eclipse:30194): Gtk-WARNING **: 16:48:03.700: Negative content width -4 (allocation 2, extents 3x3) while allocating gadget (node progressbar, owner GtkProgressBar)

(Eclipse:30194): Gtk-WARNING **: 16:48:03.700: Negative content width -2 (allocation 0, extents 1x1) while allocating gadget (node trough, owner GtkProgressBar)
class org.sf.feeling.decompiler.source.attach.finder.MavenRepoSourceCodeFinder /home/walker/e/workspace/message_system/server/lib/netty-socketio-1.7.12.jar
class org.sf.feeling.decompiler.source.attach.finder.MavenRepoSourceCodeFinder FOUND: SourceFileResult[source = /tmp/source8298013527220445422.tmp ; suggestedSourceFileName = netty-socketio-1.7.12-sources.jar ; accuracy = 100 ; binFile = /home/walker/e/workspace/message_system/server/lib/netty-socketio-1.7.12.jar ; finder = class org.sf.feeling.decompiler.source.attach.finder.MavenRepoSourceCodeFinder]
Trying (using InternalBasedSourceAttacherImpl36):  /tmp/.org.sf.feeling.decompiler1550046474574/source/netty-socketio-1.7.12-sources.jar
Attached library source /tmp/.org.sf.feeling.decompiler1550046474574/source/netty-socketio-1.7.12-sources.jar
org.eclipse.m2e.logback.configuration: The org.eclipse.m2e.logback.configuration bundle was activated before the state location was initialized.  Will retry after the state location is initialized.

(Eclipse:26491): GLib-CRITICAL **: 18:40:41.071: g_base64_encode_step: assertion 'in != NULL' failed

(Eclipse:26491): GLib-CRITICAL **: 18:40:41.072: g_base64_encode_step: assertion 'in != NULL' failed

(Eclipse:26491): GLib-CRITICAL **: 18:40:41.072: g_base64_encode_step: assertion 'in != NULL' failed

(Eclipse:26491): GLib-CRITICAL **: 18:40:41.072: g_base64_encode_step: assertion 'in != NULL' failed

(Eclipse:26491): GLib-CRITICAL **: 18:40:41.141: g_base64_encode_step: assertion 'in != NULL' failed

(Eclipse:26491): GLib-CRITICAL **: 18:40:41.141: g_base64_encode_step: assertion 'in != NULL' failed

(Eclipse:26491): GLib-CRITICAL **: 18:40:41.152: g_base64_encode_step: assertion 'in != NULL' failed

(Eclipse:26491): GLib-CRITICAL **: 18:40:41.152: g_base64_encode_step: assertion 'in != NULL' failed

(Eclipse:26491): GLib-CRITICAL **: 18:40:41.152: g_base64_encode_step: assertion 'in != NULL' failed

(Eclipse:26491): GLib-CRITICAL **: 18:40:41.152: g_base64_encode_step: assertion 'in != NULL' failed

(Eclipse:26491): GLib-CRITICAL **: 18:40:41.221: g_base64_encode_step: assertion 'in != NULL' failed

(Eclipse:26491): GLib-CRITICAL **: 18:40:41.222: g_base64_encode_step: assertion 'in != NULL' failed

(Eclipse:26491): GLib-CRITICAL **: 18:40:41.260: g_base64_encode_step: assertion 'in != NULL' failed

(Eclipse:26491): GLib-CRITICAL **: 18:40:41.260: g_base64_encode_step: assertion 'in != NULL' failed

(Eclipse:26491): GLib-CRITICAL **: 18:40:41.266: g_base64_encode_step: assertion 'in != NULL' failed

(Eclipse:26491): GLib-CRITICAL **: 18:40:41.267: g_base64_encode_step: assertion 'in != NULL' failed

(Eclipse:26491): GLib-CRITICAL **: 18:40:41.268: g_base64_encode_step: assertion 'in != NULL' failed

(Eclipse:26491): GLib-CRITICAL **: 18:40:41.268: g_base64_encode_step: assertion 'in != NULL' failed

(Eclipse:26491): GLib-CRITICAL **: 18:40:41.313: g_base64_encode_step: assertion 'in != NULL' failed

(Eclipse:26491): GLib-CRITICAL **: 18:40:41.313: g_base64_encode_step: assertion 'in != NULL' failed

(Eclipse:26491): GLib-CRITICAL **: 18:40:41.314: g_base64_encode_step: assertion 'in != NULL' failed

(Eclipse:26491): GLib-CRITICAL **: 18:40:41.314: g_base64_encode_step: assertion 'in != NULL' failed

(Eclipse:26491): GLib-CRITICAL **: 18:40:41.315: g_base64_encode_step: assertion 'in != NULL' failed

(Eclipse:26491): GLib-CRITICAL **: 18:40:41.315: g_base64_encode_step: assertion 'in != NULL' failed

(Eclipse:26491): GLib-CRITICAL **: 18:40:41.342: g_base64_encode_step: assertion 'in != NULL' failed

(Eclipse:26491): GLib-CRITICAL **: 18:40:41.342: g_base64_encode_step: assertion 'in != NULL' failed
org.eclipse.m2e.logback.configuration: Logback config file: /home/walker/e/workspace_my/.metadata/.plugins/org.eclipse.m2e.logback.configuration/logback.1.10.0.20181127-2120.xml
SLF4J: Class path contains multiple SLF4J bindings.
SLF4J: Found binding in [bundleresource://937.fwk814886797:1/org/slf4j/impl/StaticLoggerBinder.class]
SLF4J: Found binding in [bundleresource://937.fwk814886797:2/org/slf4j/impl/StaticLoggerBinder.class]
SLF4J: See http://www.slf4j.org/codes.html#multiple_bindings for an explanation.
SLF4J: Actual binding is of type [ch.qos.logback.classic.util.ContextSelectorStaticBinder]
org.eclipse.m2e.logback.configuration: Initializing logback

(Eclipse:26491): Gtk-WARNING **: 18:41:04.833: Negative content width -4 (allocation 2, extents 3x3) while allocating gadget (node progressbar, owner GtkProgressBar)

(Eclipse:26491): Gtk-WARNING **: 18:41:04.833: Negative content width -2 (allocation 0, extents 1x1) while allocating gadget (node trough, owner GtkProgressBar)

(Eclipse:26491): Gtk-WARNING **: 18:41:04.834: Negative content width -4 (allocation 2, extents 3x3) while allocating gadget (node progressbar, owner GtkProgressBar)

(Eclipse:26491): Gtk-WARNING **: 18:41:04.834: Negative content width -2 (allocation 0, extents 1x1) while allocating gadget (node trough, owner GtkProgressBar)

(Eclipse:26491): Gtk-WARNING **: 18:41:04.847: Negative content width -4 (allocation 2, extents 3x3) while allocating gadget (node progressbar, owner GtkProgressBar)

(Eclipse:26491): Gtk-WARNING **: 18:41:04.847: Negative content width -2 (allocation 0, extents 1x1) while allocating gadget (node trough, owner GtkProgressBar)

(Eclipse:26491): Gtk-WARNING **: 18:41:04.847: Negative content width -4 (allocation 2, extents 3x3) while allocating gadget (node progressbar, owner GtkProgressBar)

(Eclipse:26491): Gtk-WARNING **: 18:41:04.847: Negative content width -2 (allocation 0, extents 1x1) while allocating gadget (node trough, owner GtkProgressBar)

(Eclipse:26491): Gtk-WARNING **: 18:47:43.609: Negative content width -4 (allocation 2, extents 3x3) while allocating gadget (node progressbar, owner GtkProgressBar)

(Eclipse:26491): Gtk-WARNING **: 18:47:43.609: Negative content width -2 (allocation 0, extents 1x1) while allocating gadget (node trough, owner GtkProgressBar)

(Eclipse:26491): Gtk-WARNING **: 18:47:43.609: Negative content width -4 (allocation 2, extents 3x3) while allocating gadget (node progressbar, owner GtkProgressBar)

(Eclipse:26491): Gtk-WARNING **: 18:47:43.609: Negative content width -2 (allocation 0, extents 1x1) while allocating gadget (node trough, owner GtkProgressBar)

(Eclipse:26491): Gtk-WARNING **: 19:32:59.115: Negative content width -4 (allocation 2, extents 3x3) while allocating gadget (node progressbar, owner GtkProgressBar)

(Eclipse:26491): Gtk-WARNING **: 19:32:59.121: Negative content width -2 (allocation 0, extents 1x1) while allocating gadget (node trough, owner GtkProgressBar)

(Eclipse:26491): Gtk-WARNING **: 19:32:59.121: Negative content width -2 (allocation 0, extents 1x1) while allocating gadget (node progress, owner GtkProgressBar)

(Eclipse:26491): Gtk-WARNING **: 19:32:59.288: Negative content width -4 (allocation 2, extents 3x3) while allocating gadget (node progressbar, owner GtkProgressBar)

(Eclipse:26491): Gtk-WARNING **: 19:32:59.295: Negative content width -2 (allocation 0, extents 1x1) while allocating gadget (node trough, owner GtkProgressBar)

(Eclipse:26491): Gtk-WARNING **: 19:32:59.295: Negative content width -2 (allocation 0, extents 1x1) while allocating gadget (node progress, owner GtkProgressBar)

(Eclipse:26491): Gtk-WARNING **: 19:32:59.417: Negative content width -4 (allocation 2, extents 3x3) while allocating gadget (node progressbar, owner GtkProgressBar)

(Eclipse:26491): Gtk-WARNING **: 19:32:59.418: Negative content width -2 (allocation 0, extents 1x1) while allocating gadget (node trough, owner GtkProgressBar)

(Eclipse:26491): Gtk-WARNING **: 19:32:59.418: Negative content width -2 (allocation 0, extents 1x1) while allocating gadget (node progress, owner GtkProgressBar)

(Eclipse:26491): Gtk-WARNING **: 19:32:59.566: Negative content width -4 (allocation 2, extents 3x3) while allocating gadget (node progressbar, owner GtkProgressBar)

(Eclipse:26491): Gtk-WARNING **: 19:32:59.571: Negative content width -2 (allocation 0, extents 1x1) while allocating gadget (node trough, owner GtkProgressBar)

(Eclipse:26491): Gtk-WARNING **: 19:32:59.572: Negative content width -2 (allocation 0, extents 1x1) while allocating gadget (node progress, owner GtkProgressBar)

(Eclipse:26491): Gtk-WARNING **: 19:33:00.926: Negative content width -4 (allocation 2, extents 3x3) while allocating gadget (node progressbar, owner GtkProgressBar)

(Eclipse:26491): Gtk-WARNING **: 19:33:00.927: Negative content width -2 (allocation 0, extents 1x1) while allocating gadget (node trough, owner GtkProgressBar)

(Eclipse:26491): Gtk-WARNING **: 19:33:00.929: Negative content width -2 (allocation 0, extents 1x1) while allocating gadget (node progress, owner GtkProgressBar)

(Eclipse:26491): Gtk-WARNING **: 19:33:01.051: Negative content width -4 (allocation 2, extents 3x3) while allocating gadget (node progressbar, owner GtkProgressBar)

(Eclipse:26491): Gtk-WARNING **: 19:33:01.055: Negative content width -2 (allocation 0, extents 1x1) while allocating gadget (node trough, owner GtkProgressBar)

(Eclipse:26491): Gtk-WARNING **: 19:33:01.055: Negative content width -2 (allocation 0, extents 1x1) while allocating gadget (node progress, owner GtkProgressBar)

(Eclipse:26491): Gtk-WARNING **: 19:33:01.201: Negative content width -4 (allocation 2, extents 3x3) while allocating gadget (node progressbar, owner GtkProgressBar)

(Eclipse:26491): Gtk-WARNING **: 19:33:01.201: Negative content width -2 (allocation 0, extents 1x1) while allocating gadget (node trough, owner GtkProgressBar)

(Eclipse:26491): Gtk-WARNING **: 19:33:01.201: Negative content width -2 (allocation 0, extents 1x1) while allocating gadget (node progress, owner GtkProgressBar)

(Eclipse:26491): Gtk-WARNING **: 19:33:01.327: Negative content width -4 (allocation 2, extents 3x3) while allocating gadget (node progressbar, owner GtkProgressBar)

(Eclipse:26491): Gtk-WARNING **: 19:33:01.328: Negative content width -2 (allocation 0, extents 1x1) while allocating gadget (node trough, owner GtkProgressBar)

(Eclipse:26491): Gtk-WARNING **: 19:33:01.328: Negative content width -2 (allocation 0, extents 1x1) while allocating gadget (node progress, owner GtkProgressBar)

(Eclipse:26491): Gtk-WARNING **: 19:33:01.451: Negative content width -4 (allocation 2, extents 3x3) while allocating gadget (node progressbar, owner GtkProgressBar)

(Eclipse:26491): Gtk-WARNING **: 19:33:01.451: Negative content width -2 (allocation 0, extents 1x1) while allocating gadget (node trough, owner GtkProgressBar)

(Eclipse:26491): Gtk-WARNING **: 19:33:01.451: Negative content width -2 (allocation 0, extents 1x1) while allocating gadget (node progress, owner GtkProgressBar)

(Eclipse:26491): Gtk-WARNING **: 19:33:01.654: Negative content width -4 (allocation 2, extents 3x3) while allocating gadget (node progressbar, owner GtkProgressBar)

(Eclipse:26491): Gtk-WARNING **: 19:33:01.655: Negative content width -2 (allocation 0, extents 1x1) while allocating gadget (node trough, owner GtkProgressBar)

(Eclipse:26491): Gtk-WARNING **: 19:33:01.655: Negative content width -2 (allocation 0, extents 1x1) while allocating gadget (node progress, owner GtkProgressBar)

(Eclipse:26491): Gtk-WARNING **: 19:33:01.828: Negative content width -4 (allocation 2, extents 3x3) while allocating gadget (node progressbar, owner GtkProgressBar)

(Eclipse:26491): Gtk-WARNING **: 19:33:01.830: Negative content width -2 (allocation 0, extents 1x1) while allocating gadget (node trough, owner GtkProgressBar)

(Eclipse:26491): Gtk-WARNING **: 19:33:01.832: Negative content width -2 (allocation 0, extents 1x1) while allocating gadget (node progress, owner GtkProgressBar)

(Eclipse:26491): Gtk-WARNING **: 19:33:01.960: Negative content width -4 (allocation 2, extents 3x3) while allocating gadget (node progressbar, owner GtkProgressBar)

(Eclipse:26491): Gtk-WARNING **: 19:33:01.960: Negative content width -2 (allocation 0, extents 1x1) while allocating gadget (node trough, owner GtkProgressBar)

(Eclipse:26491): Gtk-WARNING **: 19:33:01.960: Negative content width -2 (allocation 0, extents 1x1) while allocating gadget (node progress, owner GtkProgressBar)

(Eclipse:26491): Gtk-WARNING **: 19:33:02.172: Negative content width -4 (allocation 2, extents 3x3) while allocating gadget (node progressbar, owner GtkProgressBar)

(Eclipse:26491): Gtk-WARNING **: 19:33:02.172: Negative content width -2 (allocation 0, extents 1x1) while allocating gadget (node trough, owner GtkProgressBar)

(Eclipse:26491): Gtk-WARNING **: 19:33:02.173: Negative content width -2 (allocation 0, extents 1x1) while allocating gadget (node progress, owner GtkProgressBar)

(Eclipse:26491): Gtk-WARNING **: 19:33:02.316: Negative content width -4 (allocation 2, extents 3x3) while allocating gadget (node progressbar, owner GtkProgressBar)

(Eclipse:26491): Gtk-WARNING **: 19:33:02.316: Negative content width -2 (allocation 0, extents 1x1) while allocating gadget (node trough, owner GtkProgressBar)

(Eclipse:26491): Gtk-WARNING **: 19:33:02.317: Negative content width -2 (allocation 0, extents 1x1) while allocating gadget (node progress, owner GtkProgressBar)

(Eclipse:26491): Gtk-WARNING **: 19:33:02.442: Negative content width -4 (allocation 2, extents 3x3) while allocating gadget (node progressbar, owner GtkProgressBar)

(Eclipse:26491): Gtk-WARNING **: 19:33:02.442: Negative content width -2 (allocation 0, extents 1x1) while allocating gadget (node trough, owner GtkProgressBar)

(Eclipse:26491): Gtk-WARNING **: 19:33:02.442: Negative content width -2 (allocation 0, extents 1x1) while allocating gadget (node progress, owner GtkProgressBar)

(Eclipse:26491): Gtk-WARNING **: 19:33:02.567: Negative content width -4 (allocation 2, extents 3x3) while allocating gadget (node progressbar, owner GtkProgressBar)

(Eclipse:26491): Gtk-WARNING **: 19:33:02.568: Negative content width -2 (allocation 0, extents 1x1) while allocating gadget (node trough, owner GtkProgressBar)

(Eclipse:26491): Gtk-WARNING **: 19:33:02.568: Negative content width -2 (allocation 0, extents 1x1) while allocating gadget (node progress, owner GtkProgressBar)

(Eclipse:26491): Gtk-WARNING **: 19:33:02.700: Negative content width -4 (allocation 2, extents 3x3) while allocating gadget (node progressbar, owner GtkProgressBar)

(Eclipse:26491): Gtk-WARNING **: 19:33:02.700: Negative content width -2 (allocation 0, extents 1x1) while allocating gadget (node trough, owner GtkProgressBar)

(Eclipse:26491): Gtk-WARNING **: 19:33:02.701: Negative content width -2 (allocation 0, extents 1x1) while allocating gadget (node progress, owner GtkProgressBar)
*** BUG ***
In pixman_region32_init_rect: Invalid rectangle passed
Set a breakpoint on '_pixman_log_error' to debug

*** BUG ***
In pixman_region32_init_rect: Invalid rectangle passed
Set a breakpoint on '_pixman_log_error' to debug


(Eclipse:26491): Gtk-WARNING **: 19:37:08.477: gtk_widget_size_allocate(): attempt to allocate widget with width 12 and height -13

(Eclipse:26491): Gtk-CRITICAL **: 19:37:08.477: gtk_box_gadget_distribute: assertion 'size >= 0' failed in GtkScrollbar
*** BUG ***
In pixman_region32_init_rect: Invalid rectangle passed
Set a breakpoint on '_pixman_log_error' to debug

*** BUG ***
In pixman_region32_init_rect: Invalid rectangle passed
Set a breakpoint on '_pixman_log_error' to debug

*** BUG ***
In pixman_region32_init_rect: Invalid rectangle passed
Set a breakpoint on '_pixman_log_error' to debug

*** BUG ***
In pixman_region32_init_rect: Invalid rectangle passed
Set a breakpoint on '_pixman_log_error' to debug


(Eclipse:26491): Gtk-WARNING **: 19:37:57.024: Negative content width -4 (allocation 2, extents 3x3) while allocating gadget (node progressbar, owner GtkProgressBar)

(Eclipse:26491): Gtk-WARNING **: 19:37:57.024: Negative content width -2 (allocation 0, extents 1x1) while allocating gadget (node trough, owner GtkProgressBar)

(Eclipse:26491): Gtk-WARNING **: 19:37:57.025: Negative content width -1 (allocation 1, extents 1x1) while allocating gadget (node progress, owner GtkProgressBar)
正在现有的浏览器会话中打开。
*** BUG ***
In pixman_region32_init_rect: Invalid rectangle passed
Set a breakpoint on '_pixman_log_error' to debug

*** BUG ***
In pixman_region32_init_rect: Invalid rectangle passed
Set a breakpoint on '_pixman_log_error' to debug


(Eclipse:26491): Gtk-WARNING **: 19:45:11.397: gtk_widget_size_allocate(): attempt to allocate widget with width 12 and height -13

(Eclipse:26491): Gtk-CRITICAL **: 19:45:11.398: gtk_box_gadget_distribute: assertion 'size >= 0' failed in GtkScrollbar
*** BUG ***
In pixman_region32_init_rect: Invalid rectangle passed
Set a breakpoint on '_pixman_log_error' to debug

*** BUG ***
In pixman_region32_init_rect: Invalid rectangle passed
Set a breakpoint on '_pixman_log_error' to debug

正在现有的浏览器会话中打开。

(Eclipse:26491): Gtk-WARNING **: 19:51:16.557: Negative content width -4 (allocation 2, extents 3x3) while allocating gadget (node progressbar, owner GtkProgressBar)

(Eclipse:26491): Gtk-WARNING **: 19:51:16.557: Negative content width -2 (allocation 0, extents 1x1) while allocating gadget (node trough, owner GtkProgressBar)

(Eclipse:26491): Gtk-WARNING **: 19:51:16.557: Negative content width -4 (allocation 2, extents 3x3) while allocating gadget (node progressbar, owner GtkProgressBar)

(Eclipse:26491): Gtk-WARNING **: 19:51:16.558: Negative content width -2 (allocation 0, extents 1x1) while allocating gadget (node trough, owner GtkProgressBar)
[13324:13324:0218/195155.932073:ERROR:sandbox_linux.cc(364)] InitializeSandbox() called with multiple threads in process gpu-process.
正在现有的浏览器会话中打开。

(Eclipse:26491): Gtk-WARNING **: 19:57:10.674: Negative content width -4 (allocation 2, extents 3x3) while allocating gadget (node progressbar, owner GtkProgressBar)

(Eclipse:26491): Gtk-WARNING **: 19:57:10.675: Negative content width -2 (allocation 0, extents 1x1) while allocating gadget (node trough, owner GtkProgressBar)

(Eclipse:26491): Gtk-WARNING **: 19:57:10.675: Negative content width -4 (allocation 2, extents 3x3) while allocating gadget (node progressbar, owner GtkProgressBar)

(Eclipse:26491): Gtk-WARNING **: 19:57:10.675: Negative content width -2 (allocation 0, extents 1x1) while allocating gadget (node trough, owner GtkProgressBar)
[13655:13655:0218/195803.683296:ERROR:sandbox_linux.cc(364)] InitializeSandbox() called with multiple threads in process gpu-process.
正在现有的浏览器会话中打开。
